#
# There is insufficient memory for the Java Runtime Environment to continue.
# Native memory allocation (mmap) failed to map 134217728 bytes for G1 virtual space
# Possible reasons:
#   The system is out of physical RAM or swap space
#   The process is running with CompressedOops enabled, and the Java Heap may be blocking the growth of the native heap
# Possible solutions:
#   Reduce memory load on the system
#   Increase physical memory or swap space
#   Check if swap backing store is full
#   Decrease Java heap size (-Xmx/-Xms)
#   Decrease number of Java threads
#   Decrease Java thread stack sizes (-Xss)
#   Set larger code cache with -XX:ReservedCodeCacheSize=
#   JVM is running with Unscaled Compressed Oops mode in which the Java heap is
#     placed in the first 4GB address space. The Java Heap base address is the
#     maximum limit for the native heap growth. Please use -XX:HeapBaseMinAddress
#     to set the Java Heap base and to place the Java Heap above 4GB virtual address.
# This output file may be truncated or incomplete.
#
#  Out of Memory Error (os_windows.cpp:3600), pid=5800, tid=10576
#
# JRE version:  (21.0.5+9) (build )
# Java VM: Java HotSpot(TM) 64-Bit Server VM (21.0.5+9-LTS-239, mixed mode, emulated-client, sharing, tiered, compressed oops, compressed class ptrs, g1 gc, windows-amd64)
# No core dump will be written. Minidumps are not enabled by default on client versions of Windows
#

---------------  S U M M A R Y ------------

Command Line: -Dcom.sun.management.jmxremote -Dcom.sun.management.jmxremote.port=49164 -Dcom.sun.management.jmxremote.authenticate=false -Dcom.sun.management.jmxremote.ssl=false -Djava.rmi.server.hostname=localhost -Dspring.jmx.enabled=true -Dmanagement.endpoints.jmx.exposure.include=* -Dspring.application.admin.enabled=true -Dspring.output.ansi.enabled=always -XX:TieredStopAtLevel=1 -Dspring.boot.project.name=EurekaServer -Dfile.encoding=UTF-8 -Dstdout.encoding=UTF-8 -Dstderr.encoding=UTF-8 -XX:+ShowCodeDetailsInExceptionMessages -agentpath:C:\Program Files\SentinelOne\Sentinel Agent 25.1.3.334\SentinelJava64.dll=extendedCapabilities com.app.EurekaServerApplication

Host: Intel(R) Core(TM) i3-2120 CPU @ 3.30GHz, 4 cores, 7G,  Windows 10 , 64 bit Build 19041 (10.0.19041.5915)
Time: Thu May  7 14:26:08 2026 India Standard Time elapsed time: 0.077275 seconds (0d 0h 0m 0s)

---------------  T H R E A D  ---------------

Current thread (0x000001e848101280):  JavaThread "Unknown thread" [_thread_in_vm, id=10576, stack(0x00000073b7500000,0x00000073b7600000) (1024K)]

Stack: [0x00000073b7500000,0x00000073b7600000]
Native frames: (J=compiled Java code, j=interpreted, Vv=VM code, C=native code)
V  [jvm.dll+0x6ca289]
V  [jvm.dll+0x854a51]
V  [jvm.dll+0x856f7e]
V  [jvm.dll+0x857653]
V  [jvm.dll+0x27dd26]
V  [jvm.dll+0x6c6a25]
V  [jvm.dll+0x6bb5aa]
V  [jvm.dll+0x35359a]
V  [jvm.dll+0x35b1f6]
V  [jvm.dll+0x3adade]
V  [jvm.dll+0x3add88]
V  [jvm.dll+0x3278fc]
V  [jvm.dll+0x32845b]
V  [jvm.dll+0x81de19]
V  [jvm.dll+0x3ba7c1]
V  [jvm.dll+0x807168]
V  [jvm.dll+0x44f96e]
V  [jvm.dll+0x451561]
C  [InProcessClient64.dll+0x13677d]
C  [InProcessClient64.dll+0xd0aa7]
C  [InProcessClient64.dll+0xd0a19]
C  [jli.dll+0x52a3]
C  [ucrtbase.dll+0x21bb2]
C  [KERNEL32.DLL+0x17374]
C  [ntdll.dll+0x4cc91]


---------------  P R O C E S S  ---------------

Threads class SMR info:
_java_thread_list=0x00007ffb9975ac08, length=0, elements={
}

Java Threads: ( => current thread )
Total: 0

Other Threads:
  0x000001e84812eac0 WorkerThread "GC Thread#0"                     [id=12440, stack(0x00000073b7600000,0x00000073b7700000) (1024K)]
  0x000001e847d86130 ConcurrentGCThread "G1 Main Marker"            [id=6396, stack(0x00000073b7700000,0x00000073b7800000) (1024K)]
  0x000001e847d8ae70 WorkerThread "G1 Conc#0"                       [id=14652, stack(0x00000073b7800000,0x00000073b7900000) (1024K)]

[error occurred during error reporting (printing all threads), id 0xc0000005, EXCEPTION_ACCESS_VIOLATION (0xc0000005) at pc=0x00007ffb98eca087]
VM state: not at safepoint (not fully initialized)

VM Mutex/Monitor currently owned by a thread:  ([mutex/lock_event])
[0x00007ffb997cbf98] Heap_lock - owner thread: 0x000001e848101280

Heap address: 0x0000000081800000, size: 2024 MB, Compressed Oops mode: 32-bit

CDS archive(s) mapped at: [0x0000000000000000-0x0000000000000000-0x0000000000000000), size 0, SharedBaseAddress: 0x0000000800000000, ArchiveRelocationMode: 1.
Narrow klass base: 0x0000000000000000, Narrow klass shift: 0, Narrow klass range: 0x0

GC Precious Log:
 CardTable entry size: 512
 Card Set container configuration: InlinePtr #cards 5 size 8 Array Of Cards #cards 12 size 40 Howl #buckets 4 coarsen threshold 1843 Howl Bitmap #cards 512 size 80 coarsen threshold 460 Card regions per heap region 1 cards per card region 2048

Heap:
 garbage-first heap   total 0K, used 0K [0x0000000081800000, 0x0000000100000000)
  region size 1024K, 0 young (0K), 0 survivors (0K)

[error occurred during error reporting (printing heap information), id 0xc0000005, EXCEPTION_ACCESS_VIOLATION (0xc0000005) at pc=0x00007ffb992b3259]
GC Heap History (0 events):
No events

Dll operation events (1 events):
Event: 0.020 Loaded shared library C:\Program Files\Java\jdk-21\bin\java.dll

Deoptimization events (0 events):
No events

Classes loaded (0 events):
No events

Classes unloaded (0 events):
No events

Classes redefined (0 events):
No events

Internal exceptions (0 events):
No events

ZGC Phase Switch (0 events):
No events

VM Operations (0 events):
No events

Events (0 events):
No events


Dynamic libraries:
0x00007ff60b050000 - 0x00007ff60b060000 	C:\Program Files\Java\jdk-21\bin\javaw.exe
0x000001e845d90000 - 0x000001e845f88000 	C:\Windows\SYSTEM32\ntd1l.dll
0x000001e845f90000 - 0x000001e846052000 	C:\Windows\System32\kern3l32.dll
0x00007ffc10b10000 - 0x00007ffc10d08000 	C:\Windows\SYSTEM32\ntdll.dll
0x00007ffc100e0000 - 0x00007ffc101a2000 	C:\Windows\System32\KERNEL32.DLL
0x00007ffc0e3f0000 - 0x00007ffc0e6e6000 	C:\Windows\System32\KERNELBASE.dll
0x00007ffc0dbd0000 - 0x00007ffc0dfab000 	C:\Program Files\SentinelOne\Sentinel Agent 25.1.3.334\InProcessClient64.dll
0x00007ffc109b0000 - 0x00007ffc10a61000 	C:\Windows\System32\ADVAPI32.dll
0x00007ffc0f840000 - 0x00007ffc0f8de000 	C:\Windows\System32\msvcrt.dll
0x00007ffc0dbc0000 - 0x00007ffc0dbca000 	C:\Windows\SYSTEM32\VERSION.dll
0x00007ffc0f330000 - 0x00007ffc0f3cf000 	C:\Windows\System32\sechost.dll
0x00007ffc0fe90000 - 0x00007ffc0ffb0000 	C:\Windows\System32\RPCRT4.dll
0x00007ffc0e850000 - 0x00007ffc0e877000 	C:\Windows\System32\bcrypt.dll
0x00007ffc0e2f0000 - 0x00007ffc0e3f0000 	C:\Windows\System32\ucrtbase.dll
0x00007ffbef720000 - 0x00007ffbef739000 	C:\Program Files\Java\jdk-21\bin\jli.dll
0x00007ffbf6010000 - 0x00007ffbf602b000 	C:\Program Files\Java\jdk-21\bin\VCRUNTIME140.dll
0x00007ffc0ebd0000 - 0x00007ffc0ed6d000 	C:\Windows\System32\USER32.dll
0x00007ffbf9ed0000 - 0x00007ffbfa16b000 	C:\Windows\WinSxS\amd64_microsoft.windows.common-controls_6595b64144ccf1df_6.0.19041.6280_none_60bc30a171f2f3f3\COMCTL32.dll
0x00007ffc0e1b0000 - 0x00007ffc0e1d2000 	C:\Windows\System32\win32u.dll
0x00007ffc10210000 - 0x00007ffc1023b000 	C:\Windows\System32\GDI32.dll
0x00007ffc0e980000 - 0x00007ffc0ea99000 	C:\Windows\System32\gdi32full.dll
0x00007ffc0eaa0000 - 0x00007ffc0eb3d000 	C:\Windows\System32\msvcp_win.dll
0x00007ffc0db40000 - 0x00007ffc0db4b000 	C:\Windows\SYSTEM32\FLTLIB.DLL
0x00007ffc0f2a0000 - 0x00007ffc0f2cf000 	C:\Windows\System32\IMM32.DLL
0x00007ffbf6080000 - 0x00007ffbf608c000 	C:\Program Files\Java\jdk-21\bin\vcruntime140_1.dll
0x00007ffbd3920000 - 0x00007ffbd39ae000 	C:\Program Files\Java\jdk-21\bin\msvcp140.dll
0x00007ffb98b90000 - 0x00007ffb998a8000 	C:\Program Files\Java\jdk-21\bin\server\jvm.dll
0x00007ffc0ef10000 - 0x00007ffc0ef7b000 	C:\Windows\System32\WS2_32.dll
0x00007ffc0d790000 - 0x00007ffc0d7db000 	C:\Windows\SYSTEM32\POWRPROF.dll
0x00007ffbfa220000 - 0x00007ffbfa247000 	C:\Windows\SYSTEM32\WINMM.dll
0x00007ffc0d770000 - 0x00007ffc0d782000 	C:\Windows\SYSTEM32\UMPDC.dll
0x00007ffc0b990000 - 0x00007ffc0b9a2000 	C:\Windows\SYSTEM32\kernel.appcore.dll
0x00007ffbef6b0000 - 0x00007ffbef6ba000 	C:\Program Files\Java\jdk-21\bin\jimage.dll
0x00007ffbf9190000 - 0x00007ffbf9391000 	C:\Windows\SYSTEM32\DBGHELP.DLL
0x00007ffbf8f70000 - 0x00007ffbf8fa4000 	C:\Windows\SYSTEM32\dbgcore.DLL
0x00007ffc0e260000 - 0x00007ffc0e2e2000 	C:\Windows\System32\bcryptPrimitives.dll
0x00007ffbd12b0000 - 0x00007ffbd134f000 	C:\Program Files\SentinelOne\Sentinel Agent 25.1.3.334\SentinelJava64.dll
0x00007ffc0ffb0000 - 0x00007ffc100db000 	C:\Windows\System32\ole32.dll
0x00007ffc0f8f0000 - 0x00007ffc0fc43000 	C:\Windows\System32\combase.dll
0x00007ffbe6fa0000 - 0x00007ffbe6fbf000 	C:\Program Files\Java\jdk-21\bin\java.dll

dbghelp: loaded successfully - version: 4.0.5 - missing functions: none
symbol engine: initialized successfully - sym options: 0x614 - pdb path: .;C:\Program Files\Java\jdk-21\bin;C:\Windows\SYSTEM32;C:\Program Files\SentinelOne\Sentinel Agent 25.1.3.334;C:\Windows\WinSxS\amd64_microsoft.windows.common-controls_6595b64144ccf1df_6.0.19041.6280_none_60bc30a171f2f3f3;C:\Program Files\Java\jdk-21\bin\server

VM Arguments:
jvm_args: -Dcom.sun.management.jmxremote -Dcom.sun.management.jmxremote.port=49164 -Dcom.sun.management.jmxremote.authenticate=false -Dcom.sun.management.jmxremote.ssl=false -Djava.rmi.server.hostname=localhost -Dspring.jmx.enabled=true -Dmanagement.endpoints.jmx.exposure.include=* -Dspring.application.admin.enabled=true -Dspring.output.ansi.enabled=always -XX:TieredStopAtLevel=1 -Dspring.boot.project.name=EurekaServer -Dfile.encoding=UTF-8 -Dstdout.encoding=UTF-8 -Dstderr.encoding=UTF-8 -XX:+ShowCodeDetailsInExceptionMessages -agentpath:C:\Program Files\SentinelOne\Sentinel Agent 25.1.3.334\SentinelJava64.dll=extendedCapabilities 
java_command: com.app.EurekaServerApplication
java_class_path (initial): C:\Users\lalith.kishore\Desktop\Spring-Training\EurekaServer\target\classes;C:\Users\lalith.kishore\.m2\repository\org\springframework\boot\spring-boot-starter-actuator\3.5.14\spring-boot-starter-actuator-3.5.14.jar;C:\Users\lalith.kishore\.m2\repository\org\springframework\boot\spring-boot-starter\3.5.14\spring-boot-starter-3.5.14.jar;C:\Users\lalith.kishore\.m2\repository\org\springframework\boot\spring-boot\3.5.14\spring-boot-3.5.14.jar;C:\Users\lalith.kishore\.m2\repository\org\springframework\spring-context\6.2.18\spring-context-6.2.18.jar;C:\Users\lalith.kishore\.m2\repository\org\springframework\spring-aop\6.2.18\spring-aop-6.2.18.jar;C:\Users\lalith.kishore\.m2\repository\org\springframework\spring-beans\6.2.18\spring-beans-6.2.18.jar;C:\Users\lalith.kishore\.m2\repository\org\springframework\spring-expression\6.2.18\spring-expression-6.2.18.jar;C:\Users\lalith.kishore\.m2\repository\org\springframework\boot\spring-boot-autoconfigure\3.5.14\spring-boot-autoconfigure-3.5.14.jar;C:\Users\lalith.kishore\.m2\repository\org\springframework\boot\spring-boot-starter-logging\3.5.14\spring-boot-starter-logging-3.5.14.jar;C:\Users\lalith.kishore\.m2\repository\ch\qos\logback\logback-classic\1.5.32\logback-classic-1.5.32.jar;C:\Users\lalith.kishore\.m2\repository\ch\qos\logback\logback-core\1.5.32\logback-core-1.5.32.jar;C:\Users\lalith.kishore\.m2\repository\org\apache\logging\log4j\log4j-to-slf4j\2.24.3\log4j-to-slf4j-2.24.3.jar;C:\Users\lalith.kishore\.m2\repository\org\apache\logging\log4j\log4j-api\2.24.3\log4j-api-2.24.3.jar;C:\Users\lalith.kishore\.m2\repository\org\slf4j\jul-to-slf4j\2.0.17\jul-to-slf4j-2.0.17.jar;C:\Users\lalith.kishore\.m2\repository\jakarta\annotation\jakarta.annotation-api\2.1.1\jakarta.annotation-api-2.1.1.jar;C:\Users\lalith.kishore\.m2\repository\org\yaml\snakeyaml\2.4\snakeyaml-2.4.jar;C:\Users\lalith.kishore\.m2\repository\org\springframework\boot\spring-boot-actuator-autoconfigure\3.5.14\spring-boot-actuator-autoconfigure-3.5.14.jar;C:\Users\lalith.kishore\.m2\repository\org\springframework\boot\spring-boot-actuator\3.5.14\spring-boot-actuator-3.5.14.jar;C:\Users\lalith.kishore\.m2\repository\com\fasterxml\jackson\core\jackson-databind\2.21.2\jackson-databind-2.21.2.jar;C:\Users\lalith.kishore\.m2\repository\com\fasterxml\jackson\core\jackson-annotations\2.21\jackson-annotations-2.21.jar;C:\Users\lalith.kishore\.m2\repository\com\fasterxml\jackson\core\jackson-core\2.21.2\jackson-core-2.21.2.jar;C:\Users\lalith.kishore\.m2\repository\com\fasterxml\jackson\datatype\jackson-datatype-jsr310\2.21.2\jackson-datatype-jsr310-2.21.2.jar;C:\Users\lalith.kishore\.m2\repository\io\micrometer\micrometer-observation\1.15.11\micrometer-observation-1.15.11.jar;C:\Users\lalith.kishore\.m2\repository\io\micrometer\micrometer-commons\1.15.11\micrometer-commons-1.15.11.jar;C:\Users\lalith.kishore\.m2\repository\io\micrometer\micrometer-jakarta9\1.15.11\micrometer-jakarta9-1.15.11.jar;C:\Users\lalith.kishore\.m2\repository\io\micrometer\micrometer-core\1.15.11\micrometer-core-1.15.11.jar;C:\Users\lalith.kishore\.m2\repository\org\hdrhistogram\HdrHistogram\2.2.2\HdrHistogram-2.2.2.jar;C:\Users\lalith.kishore\.m2\repository\org\latencyutils\LatencyUtils\2.0.3\LatencyUtils-2.0.3.jar;C:\Users\lalith.kishore\.m2\repository\org\springframework\cloud\spring-cloud-starter-netflix-eureka-server\4.3.2\spring-cloud-starter-netflix-eureka-server-4.3.2.jar;C:\Users\lalith.kishore\.m2\repository\org\springframework\cloud\spring-cloud-starter\4.3.2\spring-cloud-starter-4.3.2.jar;C:\Users\lalith.kishore\.m2\repository\org\springframework\cloud\spring-cloud-context\4.3.2\spring-cloud-context-4.3.2.jar;C:\Users\lalith.kishore\.m2\repository\org\springframework\security\spring-security-crypto\6.5.10\spring-security-crypto-6.5.10.jar;C:\Users\lalith.kishore\.m2\repository\org\springframework\cloud\spring-cloud-commons\4.3.2\spring-cloud-commons-4.3.2.jar;C:\Users\lalith.kishore\.m2\repository\org\bouncycastle\bcprov-jdk18on\1.80\bcprov-jdk18on-1.80.jar;C:\Users\lalith.kishore\.m2\repository\org\springframework\cloud\spring-cloud-netflix-eureka-server\4.3.2\spring-cloud-netflix-eureka-server-4.3.2.jar;C:\Users\lalith.kishore\.m2\repository\org\springframework\boot\spring-boot-starter-web\3.5.14\spring-boot-starter-web-3.5.14.jar;C:\Users\lalith.kishore\.m2\repository\org\springframework\boot\spring-boot-starter-json\3.5.14\spring-boot-starter-json-3.5.14.jar;C:\Users\lalith.kishore\.m2\repository\com\fasterxml\jackson\datatype\jackson-datatype-jdk8\2.21.2\jackson-datatype-jdk8-2.21.2.jar;C:\Users\lalith.kishore\.m2\repository\com\fasterxml\jackson\module\jackson-module-parameter-names\2.21.2\jackson-module-parameter-names-2.21.2.jar;C:\Users\lalith.kishore\.m2\repository\org\springframework\boot\spring-boot-starter-tomcat\3.5.14\spring-boot-starter-tomcat-3.5.14.jar;C:\Users\lalith.kishore\.m2\repository\org\apache\tomcat\embed\tomcat-embed-core\10.1.54\tomcat-embed-core-10.1.54.jar;C:\Users\lalith.kishore\.m2\repository\org\apache\tomcat\embed\tomcat-embed-el\10.1.54\tomcat-embed-el-10.1.54.jar;C:\Users\lalith.kishore\.m2\repository\org\apache\tomcat\embed\tomcat-embed-websocket\10.1.54\tomcat-embed-websocket-10.1.54.jar;C:\Users\lalith.kishore\.m2\repository\org\springframework\spring-web\6.2.18\spring-web-6.2.18.jar;C:\Users\lalith.kishore\.m2\repository\org\springframework\spring-webmvc\6.2.18\spring-webmvc-6.2.18.jar;C:\Users\lalith.kishore\.m2\repository\org\springframework\boot\spring-boot-starter-freemarker\3.5.14\spring-boot-starter-freemarker-3.5.14.jar;C:\Users\lalith.kishore\.m2\repository\org\freemarker\freemarker\2.3.34\freemarker-2.3.34.jar;C:\Users\lalith.kishore\.m2\repository\org\springframework\spring-context-support\6.2.18\spring-context-support-6.2.18.jar;C:\Users\lalith.kishore\.m2\repository\org\springframework\cloud\spring-cloud-netflix-eureka-client\4.3.2\spring-cloud-netflix-eureka-client-4.3.2.jar;C:\Users\lalith.kishore\.m2\repository\com\netflix\eureka\eureka-client\2.0.6\eureka-client-2.0.6.jar;C:\Users\lalith.kishore\.m2\repository\com\thoughtworks\xstream\xstream\1.4.21\xstream-1.4.21.jar;C:\Users\lalith.kishore\.m2\repository\io\github\x-stream\mxparser\1.2.2\mxparser-1.2.2.jar;C:\Users\lalith.kishore\.m2\repository\xmlpull\xmlpull\1.1.3.1\xmlpull-1.1.3.1.jar;C:\Users\lalith.kishore\.m2\repository\com\netflix\spectator\spectator-api\1.7.3\spectator-api-1.7.3.jar;C:\Users\lalith.kishore\.m2\repository\org\apache\httpcomponents\httpclient\4.5.3\httpclient-4.5.3.jar;C:\Users\lalith.kishore\.m2\repository\org\apache\httpcomponents\httpcore\4.4.16\httpcore-4.4.16.jar;C:\Users\lalith.kishore\.m2\repository\com\netflix\netflix-commons\netflix-eventbus\0.3.0\netflix-eventbus-0.3.0.jar;C:\Users\lalith.kishore\.m2\repository\com\netflix\netflix-commons\netflix-infix\0.3.0\netflix-infix-0.3.0.jar;C:\Users\lalith.kishore\.m2\repository\commons-jxpath\commons-jxpath\1.3\commons-jxpath-1.3.jar;C:\Users\lalith.kishore\.m2\repository\joda-time\joda-time\2.3\joda-time-2.3.jar;C:\Users\lalith.kishore\.m2\repository\org\antlr\antlr-runtime\3.4\antlr-runtime-3.4.jar;C:\Users\lalith.kishore\.m2\repository\org\antlr\stringtemplate\3.2.1\stringtemplate-3.2.1.jar;C:\Users\lalith.kishore\.m2\repository\antlr\antlr\2.7.7\antlr-2.7.7.jar;C:\Users\lalith.kishore\.m2\repository\com\google\code\gson\gson\2.13.2\gson-2.13.2.jar;C:\Users\lalith.kishore\.m2\repository\com\netflix\servo\servo-core\0.5.3\servo-core-0.5.3.jar;C:\Users\lalith.kishore\.m2\repository\org\apache\commons\commons-math\2.2\commons-math-2.2.jar;C:\Users\lalith.kishore\.m2\repository\javax\annotation\javax.annotation-api\1.2\javax.annotation-api-1.2.jar;C:\Users\lalith.kishore\.m2\repository\org\codehaus\jettison\jettison\1.5.4\jettison-1.5.4.jar;C:\Users\lalith.kishore\.m2\repository\org\apache\httpcomponents\client5\httpclient5\5.5.2\httpclient5-5.5.2.jar;C:\Users\lalith.kishore\.m2\repository\org\apache\httpcomponents\core5\httpcore5\5.3.6\httpcore5-5.3.6.jar;C:\Users\lalith.kishore\.m2\repository\org\apache\httpcomponents\core5\httpcore5-h2\5.3.6\httpcore5-h2-5.3.6.jar;C:\Users\lalith.kishore\.m2\repository\com\netflix\eureka\eureka-client-jersey3\2.0.6\eureka-client-jersey3-2.0.6.jar;C:\Users\lalith.kishore\.m2\repository\org\glassfish\jersey\connectors\jersey-apache-connector\3.1.11\jersey-apache-connector-3.1.11.jar;C:\Users\lalith.kishore\.m2\repository\commons-codec\commons-codec\1.18.0\commons-codec-1.18.0.jar;C:\Users\lalith.kishore\.m2\repository\com\netflix\eureka\eureka-core-jersey3\2.0.6\eureka-core-jersey3-2.0.6.jar;C:\Users\lalith.kishore\.m2\repository\com\netflix\eureka\eureka-core\2.0.6\eureka-core-2.0.6.jar;C:\Users\lalith.kishore\.m2\repository\com\google\guava\guava\33.0.0-jre\guava-33.0.0-jre.jar;C:\Users\lalith.kishore\.m2\repository\com\google\guava\failureaccess\1.0.2\failureaccess-1.0.2.jar;C:\Users\lalith.kishore\.m2\repository\com\google\guava\listenablefuture\9999.0-empty-to-avoid-conflict-with-guava\listenablefuture-9999.0-empty-to-avoid-conflict-with-guava.jar;C:\Users\lalith.kishore\.m2\repository\org\checkerframework\checker-qual\3.41.0\checker-qual-3.41.0.jar;C:\Users\lalith.kishore\.m2\repository\com\google\errorprone\error_prone_annotations\2.23.0\error_prone_annotations-2.23.0.jar;C:\Users\lalith.kishore\.m2\repository\com\google\j2objc\j2objc-annotations\2.8\j2objc-annotations-2.8.jar;C:\Users\lalith.kishore\.m2\repository\org\glassfish\jersey\containers\jersey-container-servlet\3.1.11\jersey-container-servlet-3.1.11.jar;C:\Users\lalith.kishore\.m2\repository\org\glassfish\jersey\containers\jersey-container-servlet-core\3.1.11\jersey-container-servlet-core-3.1.11.jar;C:\Users\lalith.kishore\.m2\repository\org\glassfish\jersey\core\jersey-common\3.1.11\jersey-common-3.1.11.jar;C:\Users\lalith.kishore\.m2\repository\org\glassfish\hk2\osgi-resource-locator\1.0.3\osgi-resource-locator-1.0.3.jar;C:\Users\lalith.kishore\.m2\repository\jakarta\ws\rs\jakarta.ws.rs-api\3.1.0\jakarta.ws.rs-api-3.1.0.jar;C:\Users\lalith.kishore\.m2\repository\org\glassfish\jersey\core\jersey-server\3.1.11\jersey-server-3.1.11.jar;C:\Users\lalith.kishore\.m2\repository\jakarta\inject\jakarta.inject-api\2.0.1\jakarta.inject-api-2.0.1.jar;C:\Users\lalith.kishore\.m2\repository\jakarta\validation\jakarta.validation-api\3.0.2\jakarta.validation-api-3.0.2.jar;C:\Users\lalith.kishore\.m2\repository\org\glassfish\jersey\core\jersey-client\3.1.11\jersey-client-3.1.11.jar;C:\Users\lalith.kishore\.m2\repository\org\glassfish\jersey\inject\jersey-hk2\3.1.11\jersey-hk2-3.1.11.jar;C:\Users\lalith.kishore\.m2\repository\org\glassfish\hk2\hk2-locator\3.0.6\hk2-locator-3.0.6.jar;C:\Users\lalith.kishore\.m2\repository\org\glassfish\hk2\hk2-utils\3.0.6\hk2-utils-3.0.6.jar;C:\Users\lalith.kishore\.m2\repository\org\javassist\javassist\3.30.2-GA\javassist-3.30.2-GA.jar;C:\Users\lalith.kishore\.m2\repository\org\glassfish\hk2\spring-bridge\3.1.1\spring-bridge-3.1.1.jar;C:\Users\lalith.kishore\.m2\repository\org\glassfish\hk2\hk2-api\3.1.1\hk2-api-3.1.1.jar;C:\Users\lalith.kishore\.m2\repository\com\fasterxml\jackson\dataformat\jackson-dataformat-xml\2.21.2\jackson-dataformat-xml-2.21.2.jar;C:\Users\lalith.kishore\.m2\repository\org\codehaus\woodstox\stax2-api\4.2.2\stax2-api-4.2.2.jar;C:\Users\lalith.kishore\.m2\repository\com\fasterxml\woodstox\woodstox-core\7.1.1\woodstox-core-7.1.1.jar;C:\Users\lalith.kishore\.m2\repository\org\springframework\cloud\spring-cloud-starter-loadbalancer\4.3.2\spring-cloud-starter-loadbalancer-4.3.2.jar;C:\Users\lalith.kishore\.m2\repository\org\springframework\cloud\spring-cloud-loadbalancer\4.3.2\spring-cloud-loadbalancer-4.3.2.jar;C:\Users\lalith.kishore\.m2\repository\io\projectreactor\reactor-core\3.7.18\reactor-core-3.7.18.jar;C:\Users\lalith.kishore\.m2\repository\org\reactivestreams\reactive-streams\1.0.4\reactive-streams-1.0.4.jar;C:\Users\lalith.kishore\.m2\repository\io\projectreactor\addons\reactor-extra\3.5.4\reactor-extra-3.5.4.jar;C:\Users\lalith.kishore\.m2\repository\org\springframework\boot\spring-boot-starter-cache\3.5.14\spring-boot-starter-cache-3.5.14.jar;C:\Users\lalith.kishore\.m2\repository\com\stoyanr\evictor\1.0.0\evictor-1.0.0.jar;C:\Users\lalith.kishore\.m2\repository\org\glassfish\jaxb\jaxb-runtime\4.0.6\jaxb-runtime-4.0.6.jar;C:\Users\lalith.kishore\.m2\repository\org\glassfish\jaxb\jaxb-core\4.0.6\jaxb-core-4.0.6.jar;C:\Users\lalith.kishore\.m2\repository\org\eclipse\angus\angus-activation\2.0.3\angus-activation-2.0.3.jar;C:\Users\lalith.kishore\.m2\repository\org\glassfish\jaxb\txw2\4.0.6\txw2-4.0.6.jar;C:\Users\lalith.kishore\.m2\repository\com\sun\istack\istack-commons-runtime\4.1.2\istack-commons-runtime-4.1.2.jar;C:\Users\lalith.kishore\.m2\repository\org\slf4j\slf4j-api\2.0.17\slf4j-api-2.0.17.jar;C:\Users\lalith.kishore\.m2\repository\jakarta\xml\bind\jakarta.xml.bind-api\4.0.4\jakarta.xml.bind-api-4.0.4.jar;C:\Users\lalith.kishore\.m2\repository\jakarta\activation\jakarta.activation-api\2.1.4\jakarta.activation-api-2.1.4.jar;C:\Users\lalith.kishore\.m2\repository\org\springframework\spring-core\6.2.18\spring-core-6.2.18.jar;C:\Users\lalith.kishore\.m2\repository\org\springframework\spring-jcl\6.2.18\spring-jcl-6.2.18.jar
Launcher Type: SUN_STANDARD

[Global flags]
     intx CICompilerCount                          = 3                                         {product} {ergonomic}
     uint ConcGCThreads                            = 1                                         {product} {ergonomic}
     uint G1ConcRefinementThreads                  = 4                                         {product} {ergonomic}
   size_t G1HeapRegionSize                         = 1048576                                   {product} {ergonomic}
    uintx GCDrainStackTargetSize                   = 64                                        {product} {ergonomic}
   size_t InitialHeapSize                          = 134217728                                 {product} {ergonomic}
     bool ManagementServer                         = true                                      {product} {command line}
   size_t MarkStackSize                            = 4194304                                   {product} {ergonomic}
   size_t MaxHeapSize                              = 2122317824                                {product} {ergonomic}
   size_t MinHeapDeltaBytes                        = 1048576                                   {product} {ergonomic}
   size_t MinHeapSize                              = 8388608                                   {product} {ergonomic}
    uintx NonNMethodCodeHeapSize                   = 4096                                   {pd product} {ergonomic}
    uintx NonProfiledCodeHeapSize                  = 0                                      {pd product} {ergonomic}
     bool ProfileInterpreter                       = false                                  {pd product} {command line}
    uintx ProfiledCodeHeapSize                     = 0                                      {pd product} {ergonomic}
     bool ShowCodeDetailsInExceptionMessages       = true                                   {manageable} {command line}
   size_t SoftMaxHeapSize                          = 2122317824                             {manageable} {ergonomic}
     intx TieredStopAtLevel                        = 1                                         {product} {command line}
     bool UseCompressedOops                        = true                           {product lp64_product} {ergonomic}
     bool UseG1GC                                  = true                                      {product} {ergonomic}
     bool UseLargePagesIndividualAllocation        = false                                  {pd product} {ergonomic}

Logging:
Log output configuration:
 #0: stdout all=warning uptime,level,tags foldmultilines=false
 #1: stderr all=off uptime,level,tags foldmultilines=false

Environment Variables:
JAVA_HOME=C:\Program Files\Java\jdk-21
PATH=C:/Users/lalith.kishore/Downloads/sts-5.1.1.RELEASE//plugins/org.eclipse.justj.openjdk.hotspot.jre.full.win32.x86_64_25.0.2.v20260203-1141/jre/bin/server;C:/Users/lalith.kishore/Downloads/sts-5.1.1.RELEASE//plugins/org.eclipse.justj.openjdk.hotspot.jre.full.win32.x86_64_25.0.2.v20260203-1141/jre/bin;C:\Program Files\Common Files\Oracle\Java\javapath;C:\Program Files (x86)\Common Files\Oracle\Java\javapath;C:\Windows\system32;C:\Windows;C:\Windows\System32\Wbem;C:\Windows\System32\WindowsPowerShell\v1.0\;C:\Windows\System32\OpenSSH\;C:\Program Files\TortoiseSVN\bin;C:\Program Files\Microsoft SQL Server\150\Tools\Binn\;C:\Program Files\nodejs\;C:\Program Files\Microsoft VS Code\bin;C:\apache-jmeter-5.6.3\apache-jmeter-5.6.3\bin;C:\Program Files\Java\jdk-21\bin;C:\Program Files\Microsoft SQL Server\Client SDK\ODBC\170\Tools\Binn\;C:\Program Files\dotnet\;C:\Users\lalith.kishore\AppData\Local\Programs\Python\Python314\Scripts\;C:\Users\lalith.kishore\AppData\Local\Programs\Python\Python314\;C:\Users\lalith.kishore\AppData\Local\Programs\Python\Launcher\;C:\Users\lalith.kishore\AppData\Local\Microsoft\WindowsApps;C:\Users\lalith.kishore\AppData\Local\Programs\Git\cmd;C:\Windows\system32;
USERNAME=lalith.kishore
OS=Windows_NT
PROCESSOR_IDENTIFIER=Intel64 Family 6 Model 42 Stepping 7, GenuineIntel
TMP=C:\Users\LALITH~1.KIS\AppData\Local\Temp
TEMP=C:\Users\LALITH~1.KIS\AppData\Local\Temp




Periodic native trim disabled

---------------  S Y S T E M  ---------------

OS:
 Windows 10 , 64 bit Build 19041 (10.0.19041.5915)
OS uptime: 2 days 21:50 hours

CPU: total 4 (initial active 4) (2 cores per cpu, 2 threads per core) family 6 model 42 stepping 7 microcode 0x2f, cx8, cmov, fxsr, ht, mmx, sse, sse2, sse3, ssse3, sse4.1, sse4.2, popcnt, tsc, tscinvbit, avx, clmul, vzeroupper, clflush, rdtscp
Processor Information for all 4 processors :
  Max Mhz: 3300, Current Mhz: 3300, Mhz Limit: 3300

Memory: 4k page, system-wide physical 8089M (952M free)
TotalPageFile size 12185M (AvailPageFile size 122M)
current process WorkingSet (physical memory assigned to process): 19M, peak: 19M
current process commit charge ("private bytes"): 51M, peak: 178M

vm_info: Java HotSpot(TM) 64-Bit Server VM (21.0.5+9-LTS-239) for windows-amd64 JRE (21.0.5+9-LTS-239), built on 2024-09-30T05:17:38Z by "mach5one" with MS VC++ 17.6 (VS2022)

END.
