#
# There is insufficient memory for the Java Runtime Environment to continue.
# Native memory allocation (mmap) failed to map 65536 bytes for Failed to commit metaspace.
# Possible reasons:
#   The system is out of physical RAM or swap space
#   The process is running with CompressedOops enabled, and the Java Heap may be blocking the growth of the native heap
# Possible solutions:
#   Reduce memory load on the system
#   Increase physical memory or swap space
#   Check if swap backing store is full
#   Decrease Java heap size (-Xmx/-Xms)
#   Decrease number of Java threads
#   Decrease Java thread stack sizes (-Xss)
#   Set larger code cache with -XX:ReservedCodeCacheSize=
#   JVM is running with Unscaled Compressed Oops mode in which the Java heap is
#     placed in the first 4GB address space. The Java Heap base address is the
#     maximum limit for the native heap growth. Please use -XX:HeapBaseMinAddress
#     to set the Java Heap base and to place the Java Heap above 4GB virtual address.
# This output file may be truncated or incomplete.
#
#  Out of Memory Error (virtualSpaceNode.cpp:112), pid=13956, tid=6228
#
# JRE version: Java(TM) SE Runtime Environment (21.0.5+9) (build 21.0.5+9-LTS-239)
# Java VM: Java HotSpot(TM) 64-Bit Server VM (21.0.5+9-LTS-239, mixed mode, emulated-client, sharing, tiered, compressed oops, compressed class ptrs, g1 gc, windows-amd64)
# No core dump will be written. Minidumps are not enabled by default on client versions of Windows
#

---------------  S U M M A R Y ------------

Command Line: -Dcom.sun.management.jmxremote -Dcom.sun.management.jmxremote.port=49234 -Dcom.sun.management.jmxremote.authenticate=false -Dcom.sun.management.jmxremote.ssl=false -Djava.rmi.server.hostname=localhost -Dspring.jmx.enabled=true -Dmanagement.endpoints.jmx.exposure.include=* -Dspring.application.admin.enabled=true -Dspring.output.ansi.enabled=always -XX:TieredStopAtLevel=1 -Dspring.boot.project.name=EurekaServer -Dfile.encoding=UTF-8 -Dstdout.encoding=UTF-8 -Dstderr.encoding=UTF-8 -XX:+ShowCodeDetailsInExceptionMessages -agentpath:C:\Program Files\SentinelOne\Sentinel Agent 25.1.3.334\SentinelJava64.dll=extendedCapabilities com.app.EurekaServerApplication

Host: Intel(R) Core(TM) i3-2120 CPU @ 3.30GHz, 4 cores, 7G,  Windows 10 , 64 bit Build 19041 (10.0.19041.5915)
Time: Thu May  7 14:28:12 2026 India Standard Time elapsed time: 0.291139 seconds (0d 0h 0m 0s)

---------------  T H R E A D  ---------------

Current thread (0x0000029152aa81d0):  JavaThread "main"             [_thread_in_vm, id=6228, stack(0x000000ece9d00000,0x000000ece9e00000) (1024K)]

Stack: [0x000000ece9d00000,0x000000ece9e00000]
Native frames: (J=compiled Java code, j=interpreted, Vv=VM code, C=native code)
V  [jvm.dll+0x6ca289]
V  [jvm.dll+0x854a51]
V  [jvm.dll+0x856f7e]
V  [jvm.dll+0x857653]
V  [jvm.dll+0x27dd26]
V  [jvm.dll+0x85066e]
V  [jvm.dll+0x66dfd5]
V  [jvm.dll+0x66e03a]
V  [jvm.dll+0x670855]
V  [jvm.dll+0x670722]
V  [jvm.dll+0x66e9ae]
V  [jvm.dll+0x67fae9]
V  [jvm.dll+0x678f3e]
V  [jvm.dll+0x3d3051]
C  0x000002915d76b764

The last pc belongs to method entry point (kind = zerolocals) (printed below).
Java frames: (J=compiled Java code, j=interpreted, Vv=VM code)
j  java.lang.reflect.Executable.isVarArgs()Z+0 java.base@21.0.5
j  java.lang.reflect.Method.isVarArgs()Z+1 java.base@21.0.5
j  jdk.internal.reflect.MethodHandleAccessorFactory.useNativeAccessor(Ljava/lang/reflect/Executable;)Z+34 java.base@21.0.5
j  jdk.internal.reflect.MethodHandleAccessorFactory.newMethodAccessor(Ljava/lang/reflect/Method;Z)Ljdk/internal/reflect/MethodAccessorImpl;+1 java.base@21.0.5
j  jdk.internal.reflect.ReflectionFactory.newMethodAccessor(Ljava/lang/reflect/Method;Z)Ljdk/internal/reflect/MethodAccessor;+28 java.base@21.0.5
j  java.lang.reflect.Method.acquireMethodAccessor()Ljdk/internal/reflect/MethodAccessor;+38 java.base@21.0.5
j  java.lang.reflect.Method.invoke(Ljava/lang/Object;[Ljava/lang/Object;)Ljava/lang/Object;+75 java.base@21.0.5
j  java.lang.Class.getEnumConstantsShared()[Ljava/lang/Object;+49 java.base@21.0.5
j  java.lang.System$2.getEnumConstantsShared(Ljava/lang/Class;)[Ljava/lang/Enum;+1 java.base@21.0.5
j  java.util.EnumMap.getKeyUniverse(Ljava/lang/Class;)[Ljava/lang/Enum;+4 java.base@21.0.5
j  java.util.EnumMap.<init>(Ljava/lang/Class;)V+16 java.base@21.0.5
j  java.util.stream.StreamOpFlag.set(Ljava/util/stream/StreamOpFlag$Type;)Ljava/util/stream/StreamOpFlag$MaskBuilder;+10 java.base@21.0.5
j  java.util.stream.StreamOpFlag.<clinit>()V+11 java.base@21.0.5
v  ~StubRoutines::call_stub 0x000002915d76100d
j  java.util.stream.StreamSupport.stream(Ljava/util/Spliterator;Z)Ljava/util/stream/Stream;+11 java.base@21.0.5
j  java.util.Collection.stream()Ljava/util/stream/Stream;+7 java.base@21.0.5
j  jdk.internal.module.DefaultRoots.compute(Ljava/lang/module/ModuleFinder;Ljava/lang/module/ModuleFinder;)Ljava/util/Set;+6 java.base@21.0.5
j  jdk.internal.module.ModuleBootstrap.boot2()Ljava/lang/ModuleLayer;+727 java.base@21.0.5
j  jdk.internal.module.ModuleBootstrap.boot()Ljava/lang/ModuleLayer;+64 java.base@21.0.5
j  java.lang.System.initPhase2(ZZ)I+0 java.base@21.0.5
v  ~StubRoutines::call_stub 0x000002915d76100d
method entry point (kind = zerolocals)  [0x000002915d76b660, 0x000002915d76b950]  752 bytes
[MachCode]
  0x000002915d76b660: 488b 5308 | 0fb7 4a2e | 0fb7 522c | 2bd1 81fa | f501 0000 | 0f86 2500 | 0000 488b | c248 c1e0 
  0x000002915d76b680: 0348 83c0 | 5849 0387 | c804 0000 | 483b e00f | 870a 0000 | 0058 498b | e550 e9e1 | afff ff58 
  0x000002915d76b6a0: 4c8d 74cc | f885 d20f | 8e09 0000 | 0068 0000 | 0000 ffca | 7ff7 5055 | 488b ec41 | 5568 0000 
  0x000002915d76b6c0: 0000 4c8b | 6b08 4d8d | 6d38 5348 | 8b53 0848 | 8b52 0848 | 8b52 1848 | 8b52 7048 | 8b12 5268 
  0x000002915d76b6e0: 0000 0000 | 488b 5308 | 488b 5208 | 488b 5210 | 5249 8bc6 | 482b c548 | c1e8 0350 | 4155 6800 
  0x000002915d76b700: 0000 0048 | 8924 2441 | c687 7104 | 0000 0148 | 8b43 1848 | 85c0 0f85 | b000 0000 | e805 0000 
  0x000002915d76b720: 00e9 9900 | 0000 488b | d348 8d44 | 2408 4c89 | 6dc0 498b | cfc5 f877 | 4989 afa8 | 0300 0049 
  0x000002915d76b740: 8987 9803 | 0000 4883 | ec20 40f6 | c40f 0f84 | 1900 0000 | 4883 ec08 | 48b8 3030 | f698 fb7f 
  0x000002915d76b760: 0000 ffd0 | 4883 c408 | e90c 0000 | 0048 b830 | 30f6 98fb | 7f00 00ff | d048 83c4 | 2049 c787 
  0x000002915d76b780: 9803 0000 | 0000 0000 | 49c7 87a8 | 0300 0000 | 0000 0049 | c787 a003 | 0000 0000 | 0000 c5f8 
  0x000002915d76b7a0: 7749 837f | 0800 0f84 | 0500 0000 | e94f 57ff | ff4c 8b6d | c04c 8b75 | c84e 8d74 | f500 c348 
  0x000002915d76b7c0: 8b43 1848 | 85c0 0f84 | 1200 0000 | 8b48 0883 | c102 8948 | 0823 481c | 0f84 c200 | 0000 493b 
  0x000002915d76b7e0: a7e0 0400 | 000f 8748 | 0000 0089 | 8424 00f0 | ffff 8984 | 2400 e0ff | ff89 8424 | 00d0 ffff 
  0x000002915d76b800: 8984 2400 | c0ff ff89 | 8424 00b0 | ffff 8984 | 2400 a0ff | ff89 8424 | 0090 ffff | 8984 2400 
  0x000002915d76b820: 80ff ff49 | 3ba7 d804 | 0000 7607 | 4989 a7e0 | 0400 0041 | c687 7104 | 0000 0049 | bae0 377b 
  0x000002915d76b840: 99fb 7f00 | 0041 803a | 000f 843e | 0000 0048 | 8b55 e849 | 8bcf 4883 | ec20 40f6 | c40f 0f84 
  0x000002915d76b860: 1900 0000 | 4883 ec08 | 48b8 3001 | 2c99 fb7f | 0000 ffd0 | 4883 c408 | e90c 0000 | 0048 b830 
  0x000002915d76b880: 012c 99fb | 7f00 00ff | d048 83c4 | 2041 0fb6 | 5d00 49ba | 1004 7e99 | fb7f 0000 | 41ff 24da 
  0x000002915d76b8a0: ba00 0000 | 00e8 0500 | 0000 e996 | 0000 0048 | 8d44 2408 | 4c89 6dc0 | 498b cfc5 | f877 4989 
  0x000002915d76b8c0: afa8 0300 | 0049 8987 | 9803 0000 | 4883 ec20 | 40f6 c40f | 0f84 1900 | 0000 4883 | ec08 48b8 
  0x000002915d76b8e0: f03a f698 | fb7f 0000 | ffd0 4883 | c408 e90c | 0000 0048 | b8f0 3af6 | 98fb 7f00 | 00ff d048 
  0x000002915d76b900: 83c4 2049 | c787 9803 | 0000 0000 | 0000 49c7 | 87a8 0300 | 0000 0000 | 0049 c787 | a003 0000 
  0x000002915d76b920: 0000 0000 | c5f8 7749 | 837f 0800 | 0f84 0500 | 0000 e9c9 | 55ff ff4c | 8b6d c04c | 8b75 c84e 
  0x000002915d76b940: 8d74 f500 | c348 8b5d | e8e9 90fe | ffff 6690 
[/MachCode]

---------------  P R O C E S S  ---------------

Threads class SMR info:
_java_thread_list=0x0000029165246430, length=8, elements={
0x0000029152aa81d0, 0x0000029165262600, 0x0000029165263ba0, 0x00000291652693d0,
0x000002916526a970, 0x000002916526ff20, 0x00000291652769d0, 0x0000029165277f70
}

Java Threads: ( => current thread )
=>0x0000029152aa81d0 JavaThread "main"                              [_thread_in_vm, id=6228, stack(0x000000ece9d00000,0x000000ece9e00000) (1024K)]
  0x0000029165262600 JavaThread "Reference Handler"          daemon [_thread_blocked, id=1532, stack(0x000000ecea500000,0x000000ecea600000) (1024K)]
  0x0000029165263ba0 JavaThread "Finalizer"                  daemon [_thread_blocked, id=7996, stack(0x000000ecea600000,0x000000ecea700000) (1024K)]
  0x00000291652693d0 JavaThread "Signal Dispatcher"          daemon [_thread_blocked, id=8052, stack(0x000000ecea700000,0x000000ecea800000) (1024K)]
  0x000002916526a970 JavaThread "Attach Listener"            daemon [_thread_blocked, id=6428, stack(0x000000ecea800000,0x000000ecea900000) (1024K)]
  0x000002916526ff20 JavaThread "Service Thread"             daemon [_thread_blocked, id=14388, stack(0x000000ecea900000,0x000000eceaa00000) (1024K)]
  0x00000291652769d0 JavaThread "Monitor Deflation Thread"   daemon [_thread_blocked, id=14416, stack(0x000000eceaa00000,0x000000eceab00000) (1024K)]
  0x0000029165277f70 JavaThread "C1 CompilerThread0"         daemon [_thread_blocked, id=12596, stack(0x000000eceab00000,0x000000eceac00000) (1024K)]
Total: 8

Other Threads:
  0x000002916523c370 VMThread "VM Thread"                           [id=5464, stack(0x000000ecea400000,0x000000ecea500000) (1024K)]
  0x0000029155180380 WatcherThread "VM Periodic Task Thread"        [id=6392, stack(0x000000ecea300000,0x000000ecea400000) (1024K)]
  0x0000029154fb4a40 WorkerThread "GC Thread#0"                     [id=11340, stack(0x000000ece9e00000,0x000000ece9f00000) (1024K)]
  0x000002915539d6f0 ConcurrentGCThread "G1 Main Marker"            [id=12248, stack(0x000000ece9f00000,0x000000ecea000000) (1024K)]
  0x000002915539ec10 WorkerThread "G1 Conc#0"                       [id=14668, stack(0x000000ecea000000,0x000000ecea100000) (1024K)]
  0x0000029155055700 ConcurrentGCThread "G1 Refine#0"               [id=13404, stack(0x000000ecea100000,0x000000ecea200000) (1024K)]
  0x0000029155056800 ConcurrentGCThread "G1 Service"                [id=5432, stack(0x000000ecea200000,0x000000ecea300000) (1024K)]
Total: 7

Threads with active compile tasks:
Total: 0

VM state: not at safepoint (normal execution)

VM Mutex/Monitor currently owned by a thread:  ([mutex/lock_event])
[0x00007ffb997c9e18] Metaspace_lock - owner thread: 0x0000029152aa81d0

Heap address: 0x0000000081800000, size: 2024 MB, Compressed Oops mode: 32-bit

CDS archive(s) mapped at: [0x0000029166000000-0x0000029166c90000-0x0000029166c90000), size 13172736, SharedBaseAddress: 0x0000029166000000, ArchiveRelocationMode: 1.
Compressed class space mapped at: 0x0000029167000000-0x00000291a7000000, reserved size: 1073741824
Narrow klass base: 0x0000029166000000, Narrow klass shift: 0, Narrow klass range: 0x100000000

GC Precious Log:
 CardTable entry size: 512
 Card Set container configuration: InlinePtr #cards 5 size 8 Array Of Cards #cards 12 size 40 Howl #buckets 4 coarsen threshold 1843 Howl Bitmap #cards 512 size 80 coarsen threshold 460 Card regions per heap region 1 cards per card region 2048
 CPUs: 4 total, 4 available
 Memory: 8089M
 Large Page Support: Disabled
 NUMA Support: Disabled
 Compressed Oops: Enabled (32-bit)
 Heap Region Size: 1M
 Heap Min Capacity: 8M
 Heap Initial Capacity: 128M
 Heap Max Capacity: 2024M
 Pre-touch: Disabled
 Parallel Workers: 4
 Concurrent Workers: 1
 Concurrent Refinement Workers: 4
 Periodic GC: Disabled

Heap:
 garbage-first heap   total 131072K, used 1024K [0x0000000081800000, 0x0000000100000000)
  region size 1024K, 2 young (2048K), 0 survivors (0K)
 Metaspace       used 66K, committed 128K, reserved 1114112K
  class space    used 2K, committed 64K, reserved 1048576K

Heap Regions: E=young(eden), S=young(survivor), O=old, HS=humongous(starts), HC=humongous(continues), CS=collection set, F=free, TAMS=top-at-mark-start, PB=parsable bottom
|   0|0x0000000081800000, 0x0000000081800000, 0x0000000081900000|  0%| F|  |TAMS 0x0000000081800000| PB 0x0000000081800000| Untracked 
|   1|0x0000000081900000, 0x0000000081900000, 0x0000000081a00000|  0%| F|  |TAMS 0x0000000081900000| PB 0x0000000081900000| Untracked 
|   2|0x0000000081a00000, 0x0000000081a00000, 0x0000000081b00000|  0%| F|  |TAMS 0x0000000081a00000| PB 0x0000000081a00000| Untracked 
|   3|0x0000000081b00000, 0x0000000081b00000, 0x0000000081c00000|  0%| F|  |TAMS 0x0000000081b00000| PB 0x0000000081b00000| Untracked 
|   4|0x0000000081c00000, 0x0000000081c00000, 0x0000000081d00000|  0%| F|  |TAMS 0x0000000081c00000| PB 0x0000000081c00000| Untracked 
|   5|0x0000000081d00000, 0x0000000081d00000, 0x0000000081e00000|  0%| F|  |TAMS 0x0000000081d00000| PB 0x0000000081d00000| Untracked 
|   6|0x0000000081e00000, 0x0000000081e00000, 0x0000000081f00000|  0%| F|  |TAMS 0x0000000081e00000| PB 0x0000000081e00000| Untracked 
|   7|0x0000000081f00000, 0x0000000081f00000, 0x0000000082000000|  0%| F|  |TAMS 0x0000000081f00000| PB 0x0000000081f00000| Untracked 
|   8|0x0000000082000000, 0x0000000082000000, 0x0000000082100000|  0%| F|  |TAMS 0x0000000082000000| PB 0x0000000082000000| Untracked 
|   9|0x0000000082100000, 0x0000000082100000, 0x0000000082200000|  0%| F|  |TAMS 0x0000000082100000| PB 0x0000000082100000| Untracked 
|  10|0x0000000082200000, 0x0000000082200000, 0x0000000082300000|  0%| F|  |TAMS 0x0000000082200000| PB 0x0000000082200000| Untracked 
|  11|0x0000000082300000, 0x0000000082300000, 0x0000000082400000|  0%| F|  |TAMS 0x0000000082300000| PB 0x0000000082300000| Untracked 
|  12|0x0000000082400000, 0x0000000082400000, 0x0000000082500000|  0%| F|  |TAMS 0x0000000082400000| PB 0x0000000082400000| Untracked 
|  13|0x0000000082500000, 0x0000000082500000, 0x0000000082600000|  0%| F|  |TAMS 0x0000000082500000| PB 0x0000000082500000| Untracked 
|  14|0x0000000082600000, 0x0000000082600000, 0x0000000082700000|  0%| F|  |TAMS 0x0000000082600000| PB 0x0000000082600000| Untracked 
|  15|0x0000000082700000, 0x0000000082700000, 0x0000000082800000|  0%| F|  |TAMS 0x0000000082700000| PB 0x0000000082700000| Untracked 
|  16|0x0000000082800000, 0x0000000082800000, 0x0000000082900000|  0%| F|  |TAMS 0x0000000082800000| PB 0x0000000082800000| Untracked 
|  17|0x0000000082900000, 0x0000000082900000, 0x0000000082a00000|  0%| F|  |TAMS 0x0000000082900000| PB 0x0000000082900000| Untracked 
|  18|0x0000000082a00000, 0x0000000082a00000, 0x0000000082b00000|  0%| F|  |TAMS 0x0000000082a00000| PB 0x0000000082a00000| Untracked 
|  19|0x0000000082b00000, 0x0000000082b00000, 0x0000000082c00000|  0%| F|  |TAMS 0x0000000082b00000| PB 0x0000000082b00000| Untracked 
|  20|0x0000000082c00000, 0x0000000082c00000, 0x0000000082d00000|  0%| F|  |TAMS 0x0000000082c00000| PB 0x0000000082c00000| Untracked 
|  21|0x0000000082d00000, 0x0000000082d00000, 0x0000000082e00000|  0%| F|  |TAMS 0x0000000082d00000| PB 0x0000000082d00000| Untracked 
|  22|0x0000000082e00000, 0x0000000082e00000, 0x0000000082f00000|  0%| F|  |TAMS 0x0000000082e00000| PB 0x0000000082e00000| Untracked 
|  23|0x0000000082f00000, 0x0000000082f00000, 0x0000000083000000|  0%| F|  |TAMS 0x0000000082f00000| PB 0x0000000082f00000| Untracked 
|  24|0x0000000083000000, 0x0000000083000000, 0x0000000083100000|  0%| F|  |TAMS 0x0000000083000000| PB 0x0000000083000000| Untracked 
|  25|0x0000000083100000, 0x0000000083100000, 0x0000000083200000|  0%| F|  |TAMS 0x0000000083100000| PB 0x0000000083100000| Untracked 
|  26|0x0000000083200000, 0x0000000083200000, 0x0000000083300000|  0%| F|  |TAMS 0x0000000083200000| PB 0x0000000083200000| Untracked 
|  27|0x0000000083300000, 0x0000000083300000, 0x0000000083400000|  0%| F|  |TAMS 0x0000000083300000| PB 0x0000000083300000| Untracked 
|  28|0x0000000083400000, 0x0000000083400000, 0x0000000083500000|  0%| F|  |TAMS 0x0000000083400000| PB 0x0000000083400000| Untracked 
|  29|0x0000000083500000, 0x0000000083500000, 0x0000000083600000|  0%| F|  |TAMS 0x0000000083500000| PB 0x0000000083500000| Untracked 
|  30|0x0000000083600000, 0x0000000083600000, 0x0000000083700000|  0%| F|  |TAMS 0x0000000083600000| PB 0x0000000083600000| Untracked 
|  31|0x0000000083700000, 0x0000000083700000, 0x0000000083800000|  0%| F|  |TAMS 0x0000000083700000| PB 0x0000000083700000| Untracked 
|  32|0x0000000083800000, 0x0000000083800000, 0x0000000083900000|  0%| F|  |TAMS 0x0000000083800000| PB 0x0000000083800000| Untracked 
|  33|0x0000000083900000, 0x0000000083900000, 0x0000000083a00000|  0%| F|  |TAMS 0x0000000083900000| PB 0x0000000083900000| Untracked 
|  34|0x0000000083a00000, 0x0000000083a00000, 0x0000000083b00000|  0%| F|  |TAMS 0x0000000083a00000| PB 0x0000000083a00000| Untracked 
|  35|0x0000000083b00000, 0x0000000083b00000, 0x0000000083c00000|  0%| F|  |TAMS 0x0000000083b00000| PB 0x0000000083b00000| Untracked 
|  36|0x0000000083c00000, 0x0000000083c00000, 0x0000000083d00000|  0%| F|  |TAMS 0x0000000083c00000| PB 0x0000000083c00000| Untracked 
|  37|0x0000000083d00000, 0x0000000083d00000, 0x0000000083e00000|  0%| F|  |TAMS 0x0000000083d00000| PB 0x0000000083d00000| Untracked 
|  38|0x0000000083e00000, 0x0000000083e00000, 0x0000000083f00000|  0%| F|  |TAMS 0x0000000083e00000| PB 0x0000000083e00000| Untracked 
|  39|0x0000000083f00000, 0x0000000083f00000, 0x0000000084000000|  0%| F|  |TAMS 0x0000000083f00000| PB 0x0000000083f00000| Untracked 
|  40|0x0000000084000000, 0x0000000084000000, 0x0000000084100000|  0%| F|  |TAMS 0x0000000084000000| PB 0x0000000084000000| Untracked 
|  41|0x0000000084100000, 0x0000000084100000, 0x0000000084200000|  0%| F|  |TAMS 0x0000000084100000| PB 0x0000000084100000| Untracked 
|  42|0x0000000084200000, 0x0000000084200000, 0x0000000084300000|  0%| F|  |TAMS 0x0000000084200000| PB 0x0000000084200000| Untracked 
|  43|0x0000000084300000, 0x0000000084300000, 0x0000000084400000|  0%| F|  |TAMS 0x0000000084300000| PB 0x0000000084300000| Untracked 
|  44|0x0000000084400000, 0x0000000084400000, 0x0000000084500000|  0%| F|  |TAMS 0x0000000084400000| PB 0x0000000084400000| Untracked 
|  45|0x0000000084500000, 0x0000000084500000, 0x0000000084600000|  0%| F|  |TAMS 0x0000000084500000| PB 0x0000000084500000| Untracked 
|  46|0x0000000084600000, 0x0000000084600000, 0x0000000084700000|  0%| F|  |TAMS 0x0000000084600000| PB 0x0000000084600000| Untracked 
|  47|0x0000000084700000, 0x0000000084700000, 0x0000000084800000|  0%| F|  |TAMS 0x0000000084700000| PB 0x0000000084700000| Untracked 
|  48|0x0000000084800000, 0x0000000084800000, 0x0000000084900000|  0%| F|  |TAMS 0x0000000084800000| PB 0x0000000084800000| Untracked 
|  49|0x0000000084900000, 0x0000000084900000, 0x0000000084a00000|  0%| F|  |TAMS 0x0000000084900000| PB 0x0000000084900000| Untracked 
|  50|0x0000000084a00000, 0x0000000084a00000, 0x0000000084b00000|  0%| F|  |TAMS 0x0000000084a00000| PB 0x0000000084a00000| Untracked 
|  51|0x0000000084b00000, 0x0000000084b00000, 0x0000000084c00000|  0%| F|  |TAMS 0x0000000084b00000| PB 0x0000000084b00000| Untracked 
|  52|0x0000000084c00000, 0x0000000084c00000, 0x0000000084d00000|  0%| F|  |TAMS 0x0000000084c00000| PB 0x0000000084c00000| Untracked 
|  53|0x0000000084d00000, 0x0000000084d00000, 0x0000000084e00000|  0%| F|  |TAMS 0x0000000084d00000| PB 0x0000000084d00000| Untracked 
|  54|0x0000000084e00000, 0x0000000084e00000, 0x0000000084f00000|  0%| F|  |TAMS 0x0000000084e00000| PB 0x0000000084e00000| Untracked 
|  55|0x0000000084f00000, 0x0000000084f00000, 0x0000000085000000|  0%| F|  |TAMS 0x0000000084f00000| PB 0x0000000084f00000| Untracked 
|  56|0x0000000085000000, 0x0000000085000000, 0x0000000085100000|  0%| F|  |TAMS 0x0000000085000000| PB 0x0000000085000000| Untracked 
|  57|0x0000000085100000, 0x0000000085100000, 0x0000000085200000|  0%| F|  |TAMS 0x0000000085100000| PB 0x0000000085100000| Untracked 
|  58|0x0000000085200000, 0x0000000085200000, 0x0000000085300000|  0%| F|  |TAMS 0x0000000085200000| PB 0x0000000085200000| Untracked 
|  59|0x0000000085300000, 0x0000000085300000, 0x0000000085400000|  0%| F|  |TAMS 0x0000000085300000| PB 0x0000000085300000| Untracked 
|  60|0x0000000085400000, 0x0000000085400000, 0x0000000085500000|  0%| F|  |TAMS 0x0000000085400000| PB 0x0000000085400000| Untracked 
|  61|0x0000000085500000, 0x0000000085500000, 0x0000000085600000|  0%| F|  |TAMS 0x0000000085500000| PB 0x0000000085500000| Untracked 
|  62|0x0000000085600000, 0x0000000085600000, 0x0000000085700000|  0%| F|  |TAMS 0x0000000085600000| PB 0x0000000085600000| Untracked 
|  63|0x0000000085700000, 0x0000000085700000, 0x0000000085800000|  0%| F|  |TAMS 0x0000000085700000| PB 0x0000000085700000| Untracked 
|  64|0x0000000085800000, 0x0000000085800000, 0x0000000085900000|  0%| F|  |TAMS 0x0000000085800000| PB 0x0000000085800000| Untracked 
|  65|0x0000000085900000, 0x0000000085900000, 0x0000000085a00000|  0%| F|  |TAMS 0x0000000085900000| PB 0x0000000085900000| Untracked 
|  66|0x0000000085a00000, 0x0000000085a00000, 0x0000000085b00000|  0%| F|  |TAMS 0x0000000085a00000| PB 0x0000000085a00000| Untracked 
|  67|0x0000000085b00000, 0x0000000085b00000, 0x0000000085c00000|  0%| F|  |TAMS 0x0000000085b00000| PB 0x0000000085b00000| Untracked 
|  68|0x0000000085c00000, 0x0000000085c00000, 0x0000000085d00000|  0%| F|  |TAMS 0x0000000085c00000| PB 0x0000000085c00000| Untracked 
|  69|0x0000000085d00000, 0x0000000085d00000, 0x0000000085e00000|  0%| F|  |TAMS 0x0000000085d00000| PB 0x0000000085d00000| Untracked 
|  70|0x0000000085e00000, 0x0000000085e00000, 0x0000000085f00000|  0%| F|  |TAMS 0x0000000085e00000| PB 0x0000000085e00000| Untracked 
|  71|0x0000000085f00000, 0x0000000085f00000, 0x0000000086000000|  0%| F|  |TAMS 0x0000000085f00000| PB 0x0000000085f00000| Untracked 
|  72|0x0000000086000000, 0x0000000086000000, 0x0000000086100000|  0%| F|  |TAMS 0x0000000086000000| PB 0x0000000086000000| Untracked 
|  73|0x0000000086100000, 0x0000000086100000, 0x0000000086200000|  0%| F|  |TAMS 0x0000000086100000| PB 0x0000000086100000| Untracked 
|  74|0x0000000086200000, 0x0000000086200000, 0x0000000086300000|  0%| F|  |TAMS 0x0000000086200000| PB 0x0000000086200000| Untracked 
|  75|0x0000000086300000, 0x0000000086300000, 0x0000000086400000|  0%| F|  |TAMS 0x0000000086300000| PB 0x0000000086300000| Untracked 
|  76|0x0000000086400000, 0x0000000086400000, 0x0000000086500000|  0%| F|  |TAMS 0x0000000086400000| PB 0x0000000086400000| Untracked 
|  77|0x0000000086500000, 0x0000000086500000, 0x0000000086600000|  0%| F|  |TAMS 0x0000000086500000| PB 0x0000000086500000| Untracked 
|  78|0x0000000086600000, 0x0000000086600000, 0x0000000086700000|  0%| F|  |TAMS 0x0000000086600000| PB 0x0000000086600000| Untracked 
|  79|0x0000000086700000, 0x0000000086700000, 0x0000000086800000|  0%| F|  |TAMS 0x0000000086700000| PB 0x0000000086700000| Untracked 
|  80|0x0000000086800000, 0x0000000086800000, 0x0000000086900000|  0%| F|  |TAMS 0x0000000086800000| PB 0x0000000086800000| Untracked 
|  81|0x0000000086900000, 0x0000000086900000, 0x0000000086a00000|  0%| F|  |TAMS 0x0000000086900000| PB 0x0000000086900000| Untracked 
|  82|0x0000000086a00000, 0x0000000086a00000, 0x0000000086b00000|  0%| F|  |TAMS 0x0000000086a00000| PB 0x0000000086a00000| Untracked 
|  83|0x0000000086b00000, 0x0000000086b00000, 0x0000000086c00000|  0%| F|  |TAMS 0x0000000086b00000| PB 0x0000000086b00000| Untracked 
|  84|0x0000000086c00000, 0x0000000086c00000, 0x0000000086d00000|  0%| F|  |TAMS 0x0000000086c00000| PB 0x0000000086c00000| Untracked 
|  85|0x0000000086d00000, 0x0000000086d00000, 0x0000000086e00000|  0%| F|  |TAMS 0x0000000086d00000| PB 0x0000000086d00000| Untracked 
|  86|0x0000000086e00000, 0x0000000086e00000, 0x0000000086f00000|  0%| F|  |TAMS 0x0000000086e00000| PB 0x0000000086e00000| Untracked 
|  87|0x0000000086f00000, 0x0000000086f00000, 0x0000000087000000|  0%| F|  |TAMS 0x0000000086f00000| PB 0x0000000086f00000| Untracked 
|  88|0x0000000087000000, 0x0000000087000000, 0x0000000087100000|  0%| F|  |TAMS 0x0000000087000000| PB 0x0000000087000000| Untracked 
|  89|0x0000000087100000, 0x0000000087100000, 0x0000000087200000|  0%| F|  |TAMS 0x0000000087100000| PB 0x0000000087100000| Untracked 
|  90|0x0000000087200000, 0x0000000087200000, 0x0000000087300000|  0%| F|  |TAMS 0x0000000087200000| PB 0x0000000087200000| Untracked 
|  91|0x0000000087300000, 0x0000000087300000, 0x0000000087400000|  0%| F|  |TAMS 0x0000000087300000| PB 0x0000000087300000| Untracked 
|  92|0x0000000087400000, 0x0000000087400000, 0x0000000087500000|  0%| F|  |TAMS 0x0000000087400000| PB 0x0000000087400000| Untracked 
|  93|0x0000000087500000, 0x0000000087500000, 0x0000000087600000|  0%| F|  |TAMS 0x0000000087500000| PB 0x0000000087500000| Untracked 
|  94|0x0000000087600000, 0x0000000087600000, 0x0000000087700000|  0%| F|  |TAMS 0x0000000087600000| PB 0x0000000087600000| Untracked 
|  95|0x0000000087700000, 0x0000000087700000, 0x0000000087800000|  0%| F|  |TAMS 0x0000000087700000| PB 0x0000000087700000| Untracked 
|  96|0x0000000087800000, 0x0000000087800000, 0x0000000087900000|  0%| F|  |TAMS 0x0000000087800000| PB 0x0000000087800000| Untracked 
|  97|0x0000000087900000, 0x0000000087900000, 0x0000000087a00000|  0%| F|  |TAMS 0x0000000087900000| PB 0x0000000087900000| Untracked 
|  98|0x0000000087a00000, 0x0000000087a00000, 0x0000000087b00000|  0%| F|  |TAMS 0x0000000087a00000| PB 0x0000000087a00000| Untracked 
|  99|0x0000000087b00000, 0x0000000087b00000, 0x0000000087c00000|  0%| F|  |TAMS 0x0000000087b00000| PB 0x0000000087b00000| Untracked 
| 100|0x0000000087c00000, 0x0000000087c00000, 0x0000000087d00000|  0%| F|  |TAMS 0x0000000087c00000| PB 0x0000000087c00000| Untracked 
| 101|0x0000000087d00000, 0x0000000087d00000, 0x0000000087e00000|  0%| F|  |TAMS 0x0000000087d00000| PB 0x0000000087d00000| Untracked 
| 102|0x0000000087e00000, 0x0000000087e00000, 0x0000000087f00000|  0%| F|  |TAMS 0x0000000087e00000| PB 0x0000000087e00000| Untracked 
| 103|0x0000000087f00000, 0x0000000087f00000, 0x0000000088000000|  0%| F|  |TAMS 0x0000000087f00000| PB 0x0000000087f00000| Untracked 
| 104|0x0000000088000000, 0x0000000088000000, 0x0000000088100000|  0%| F|  |TAMS 0x0000000088000000| PB 0x0000000088000000| Untracked 
| 105|0x0000000088100000, 0x0000000088100000, 0x0000000088200000|  0%| F|  |TAMS 0x0000000088100000| PB 0x0000000088100000| Untracked 
| 106|0x0000000088200000, 0x0000000088200000, 0x0000000088300000|  0%| F|  |TAMS 0x0000000088200000| PB 0x0000000088200000| Untracked 
| 107|0x0000000088300000, 0x0000000088300000, 0x0000000088400000|  0%| F|  |TAMS 0x0000000088300000| PB 0x0000000088300000| Untracked 
| 108|0x0000000088400000, 0x0000000088400000, 0x0000000088500000|  0%| F|  |TAMS 0x0000000088400000| PB 0x0000000088400000| Untracked 
| 109|0x0000000088500000, 0x0000000088500000, 0x0000000088600000|  0%| F|  |TAMS 0x0000000088500000| PB 0x0000000088500000| Untracked 
| 110|0x0000000088600000, 0x0000000088600000, 0x0000000088700000|  0%| F|  |TAMS 0x0000000088600000| PB 0x0000000088600000| Untracked 
| 111|0x0000000088700000, 0x0000000088700000, 0x0000000088800000|  0%| F|  |TAMS 0x0000000088700000| PB 0x0000000088700000| Untracked 
| 112|0x0000000088800000, 0x0000000088800000, 0x0000000088900000|  0%| F|  |TAMS 0x0000000088800000| PB 0x0000000088800000| Untracked 
| 113|0x0000000088900000, 0x0000000088900000, 0x0000000088a00000|  0%| F|  |TAMS 0x0000000088900000| PB 0x0000000088900000| Untracked 
| 114|0x0000000088a00000, 0x0000000088a00000, 0x0000000088b00000|  0%| F|  |TAMS 0x0000000088a00000| PB 0x0000000088a00000| Untracked 
| 115|0x0000000088b00000, 0x0000000088b00000, 0x0000000088c00000|  0%| F|  |TAMS 0x0000000088b00000| PB 0x0000000088b00000| Untracked 
| 116|0x0000000088c00000, 0x0000000088c00000, 0x0000000088d00000|  0%| F|  |TAMS 0x0000000088c00000| PB 0x0000000088c00000| Untracked 
| 117|0x0000000088d00000, 0x0000000088d00000, 0x0000000088e00000|  0%| F|  |TAMS 0x0000000088d00000| PB 0x0000000088d00000| Untracked 
| 118|0x0000000088e00000, 0x0000000088e00000, 0x0000000088f00000|  0%| F|  |TAMS 0x0000000088e00000| PB 0x0000000088e00000| Untracked 
| 119|0x0000000088f00000, 0x0000000088f00000, 0x0000000089000000|  0%| F|  |TAMS 0x0000000088f00000| PB 0x0000000088f00000| Untracked 
| 120|0x0000000089000000, 0x0000000089000000, 0x0000000089100000|  0%| F|  |TAMS 0x0000000089000000| PB 0x0000000089000000| Untracked 
| 121|0x0000000089100000, 0x0000000089100000, 0x0000000089200000|  0%| F|  |TAMS 0x0000000089100000| PB 0x0000000089100000| Untracked 
| 122|0x0000000089200000, 0x0000000089200000, 0x0000000089300000|  0%| F|  |TAMS 0x0000000089200000| PB 0x0000000089200000| Untracked 
| 123|0x0000000089300000, 0x0000000089300000, 0x0000000089400000|  0%| F|  |TAMS 0x0000000089300000| PB 0x0000000089300000| Untracked 
| 124|0x0000000089400000, 0x0000000089400000, 0x0000000089500000|  0%| F|  |TAMS 0x0000000089400000| PB 0x0000000089400000| Untracked 
| 125|0x0000000089500000, 0x0000000089500000, 0x0000000089600000|  0%| F|  |TAMS 0x0000000089500000| PB 0x0000000089500000| Untracked 
| 126|0x0000000089600000, 0x0000000089685a80, 0x0000000089700000| 52%| E|  |TAMS 0x0000000089600000| PB 0x0000000089600000| Complete 
| 127|0x0000000089700000, 0x0000000089800000, 0x0000000089800000|100%| E|CS|TAMS 0x0000000089700000| PB 0x0000000089700000| Complete 

Card table byte_map: [0x0000029160b60000,0x0000029160f60000] _byte_map_base: 0x0000029160754000

Marking Bits: (CMBitMap*) 0x000002915539c2d0
 Bits: [0x0000029160f60000, 0x0000029162f00000)

Polling page: 0x0000029152d30000

Metaspace:

Usage:
  Non-class:     64.00 KB used.
      Class:      2.02 KB used.
       Both:     66.02 KB used.

Virtual space:
  Non-class space:       64.00 MB reserved,      64.00 KB ( <1%) committed,  1 nodes.
      Class space:        1.00 GB reserved,      64.00 KB ( <1%) committed,  1 nodes.
             Both:        1.06 GB reserved,     128.00 KB ( <1%) committed. 

Chunk freelists:
   Non-Class:  12.00 MB
       Class:  15.75 MB
        Both:  27.75 MB

MaxMetaspaceSize: unlimited
CompressedClassSpaceSize: 1.00 GB
Initial GC threshold: 21.00 MB
Current GC threshold: 21.00 MB
CDS: on
 - commit_granule_bytes: 65536.
 - commit_granule_words: 8192.
 - virtual_space_node_default_size: 8388608.
 - enlarge_chunks_in_place: 1.
 - use_allocation_guard: 0.


Internal statistics:

num_allocs_failed_limit: 0.
num_arena_births: 2.
num_arena_deaths: 0.
num_vsnodes_births: 2.
num_vsnodes_deaths: 0.
num_space_committed: 2.
num_space_uncommitted: 0.
num_chunks_returned_to_freelist: 0.
num_chunks_taken_from_freelist: 3.
num_chunk_merges: 0.
num_chunk_splits: 2.
num_chunks_enlarged: 0.
num_inconsistent_stats: 0.

CodeCache: size=49152Kb used=1181Kb max_used=1181Kb free=47970Kb
 bounds [0x000002915d760000, 0x000002915d9d0000, 0x0000029160760000]
 total_blobs=352 nmethods=71 adapters=206
 compilation: enabled
              stopped_count=0, restarted_count=0
 full_count=0

Compilation events (20 events):
Event: 0.277 Thread 0x0000029165277f70 nmethod 58 0x000002915d880690 code [0x000002915d880900, 0x000002915d881428]
Event: 0.277 Thread 0x0000029165277f70   59       1       java.lang.StringUTF16::compress (50 bytes)
Event: 0.278 Thread 0x0000029165277f70 nmethod 59 0x000002915d881b10 code [0x000002915d881ca0, 0x000002915d881dd8]
Event: 0.280 Thread 0x0000029165277f70   60       1       java.lang.AbstractStringBuilder::ensureCapacityInternal (39 bytes)
Event: 0.280 Thread 0x0000029165277f70 nmethod 60 0x000002915d881f10 code [0x000002915d8820e0, 0x000002915d882450]
Event: 0.282 Thread 0x0000029165277f70   61       1       java.lang.AbstractStringBuilder::getValue (5 bytes)
Event: 0.282 Thread 0x0000029165277f70 nmethod 61 0x000002915d882590 code [0x000002915d882720, 0x000002915d8827e8]
Event: 0.282 Thread 0x0000029165277f70   62       1       java.lang.AbstractStringBuilder::length (5 bytes)
Event: 0.282 Thread 0x0000029165277f70 nmethod 62 0x000002915d882890 code [0x000002915d882a20, 0x000002915d882ae8]
Event: 0.284 Thread 0x0000029165277f70   65       1       java.util.concurrent.ConcurrentHashMap::tabAt (22 bytes)
Event: 0.284 Thread 0x0000029165277f70 nmethod 65 0x000002915d883410 code [0x000002915d8835a0, 0x000002915d8836b8]
Event: 0.284 Thread 0x0000029165277f70   69   !   1       java.util.concurrent.ConcurrentHashMap::putVal (432 bytes)
Event: 0.285 Thread 0x0000029165277f70 nmethod 69 0x000002915d883790 code [0x000002915d883a40, 0x000002915d884ab8]
Event: 0.286 Thread 0x0000029165277f70   71       1       java.util.ImmutableCollections$SetN$SetNIterator::next (90 bytes)
Event: 0.286 Thread 0x0000029165277f70 nmethod 71 0x000002915d885390 code [0x000002915d885540, 0x000002915d8856e0]
Event: 0.286 Thread 0x0000029165277f70   66       1       jdk.internal.misc.Unsafe::getReferenceAcquire (7 bytes)
Event: 0.287 Thread 0x0000029165277f70 nmethod 66 0x000002915d885810 code [0x000002915d8859a0, 0x000002915d885ac8]
Event: 0.287 Thread 0x0000029165277f70   67       1       java.util.concurrent.ConcurrentHashMap::spread (10 bytes)
Event: 0.287 Thread 0x0000029165277f70 nmethod 67 0x000002915d885b90 code [0x000002915d885d20, 0x000002915d885dd8]
Event: 0.287 Thread 0x0000029165277f70   68       1       java.util.concurrent.ConcurrentHashMap::addCount (280 bytes)

GC Heap History (0 events):
No events

Dll operation events (1 events):
Event: 0.023 Loaded shared library C:\Program Files\Java\jdk-21\bin\java.dll

Deoptimization events (0 events):
No events

Classes loaded (2 events):
Event: 0.137 Loading class sun/nio/cs/UTF_8$Encoder
Event: 0.137 Loading class sun/nio/cs/UTF_8$Encoder done

Classes unloaded (0 events):
No events

Classes redefined (0 events):
No events

Internal exceptions (0 events):
No events

ZGC Phase Switch (0 events):
No events

VM Operations (0 events):
No events

Events (8 events):
Event: 0.104 Thread 0x0000029152aa81d0 Thread added: 0x0000029152aa81d0
Event: 0.140 Thread 0x0000029165262600 Thread added: 0x0000029165262600
Event: 0.140 Thread 0x0000029165263ba0 Thread added: 0x0000029165263ba0
Event: 0.141 Thread 0x00000291652693d0 Thread added: 0x00000291652693d0
Event: 0.141 Thread 0x000002916526a970 Thread added: 0x000002916526a970
Event: 0.142 Thread 0x000002916526ff20 Thread added: 0x000002916526ff20
Event: 0.142 Thread 0x00000291652769d0 Thread added: 0x00000291652769d0
Event: 0.142 Thread 0x0000029165277f70 Thread added: 0x0000029165277f70


Dynamic libraries:
0x00007ff60b050000 - 0x00007ff60b060000 	C:\Program Files\Java\jdk-21\bin\javaw.exe
0x0000029153100000 - 0x00000291532f8000 	C:\Windows\SYSTEM32\ntd1l.dll
0x0000029152be0000 - 0x0000029152ca2000 	C:\Windows\System32\kern3l32.dll
0x00007ffc10b10000 - 0x00007ffc10d08000 	C:\Windows\SYSTEM32\ntdll.dll
0x00007ffc100e0000 - 0x00007ffc101a2000 	C:\Windows\System32\KERNEL32.DLL
0x00007ffc0e3f0000 - 0x00007ffc0e6e6000 	C:\Windows\System32\KERNELBASE.dll
0x00007ffc0dbd0000 - 0x00007ffc0dfab000 	C:\Program Files\SentinelOne\Sentinel Agent 25.1.3.334\InProcessClient64.dll
0x00007ffc109b0000 - 0x00007ffc10a61000 	C:\Windows\System32\ADVAPI32.dll
0x00007ffc0f840000 - 0x00007ffc0f8de000 	C:\Windows\System32\msvcrt.dll
0x00007ffc0dbc0000 - 0x00007ffc0dbca000 	C:\Windows\SYSTEM32\VERSION.dll
0x00007ffc0f330000 - 0x00007ffc0f3cf000 	C:\Windows\System32\sechost.dll
0x00007ffc0fe90000 - 0x00007ffc0ffb0000 	C:\Windows\System32\RPCRT4.dll
0x00007ffc0e850000 - 0x00007ffc0e877000 	C:\Windows\System32\bcrypt.dll
0x00007ffc0e2f0000 - 0x00007ffc0e3f0000 	C:\Windows\System32\ucrtbase.dll
0x00007ffbf6010000 - 0x00007ffbf602b000 	C:\Program Files\Java\jdk-21\bin\VCRUNTIME140.dll
0x00007ffbef720000 - 0x00007ffbef739000 	C:\Program Files\Java\jdk-21\bin\jli.dll
0x00007ffc0ebd0000 - 0x00007ffc0ed6d000 	C:\Windows\System32\USER32.dll
0x00007ffbf9ed0000 - 0x00007ffbfa16b000 	C:\Windows\WinSxS\amd64_microsoft.windows.common-controls_6595b64144ccf1df_6.0.19041.6280_none_60bc30a171f2f3f3\COMCTL32.dll
0x00007ffc0e1b0000 - 0x00007ffc0e1d2000 	C:\Windows\System32\win32u.dll
0x00007ffc10210000 - 0x00007ffc1023b000 	C:\Windows\System32\GDI32.dll
0x00007ffc0e980000 - 0x00007ffc0ea99000 	C:\Windows\System32\gdi32full.dll
0x00007ffc0eaa0000 - 0x00007ffc0eb3d000 	C:\Windows\System32\msvcp_win.dll
0x00007ffc0db40000 - 0x00007ffc0db4b000 	C:\Windows\SYSTEM32\FLTLIB.DLL
0x00007ffc0f2a0000 - 0x00007ffc0f2cf000 	C:\Windows\System32\IMM32.DLL
0x00007ffbf6080000 - 0x00007ffbf608c000 	C:\Program Files\Java\jdk-21\bin\vcruntime140_1.dll
0x00007ffbd3920000 - 0x00007ffbd39ae000 	C:\Program Files\Java\jdk-21\bin\msvcp140.dll
0x00007ffb98b90000 - 0x00007ffb998a8000 	C:\Program Files\Java\jdk-21\bin\server\jvm.dll
0x00007ffc0ef10000 - 0x00007ffc0ef7b000 	C:\Windows\System32\WS2_32.dll
0x00007ffc0d790000 - 0x00007ffc0d7db000 	C:\Windows\SYSTEM32\POWRPROF.dll
0x00007ffbfa220000 - 0x00007ffbfa247000 	C:\Windows\SYSTEM32\WINMM.dll
0x00007ffc0d770000 - 0x00007ffc0d782000 	C:\Windows\SYSTEM32\UMPDC.dll
0x00007ffc0b990000 - 0x00007ffc0b9a2000 	C:\Windows\SYSTEM32\kernel.appcore.dll
0x00007ffbef6b0000 - 0x00007ffbef6ba000 	C:\Program Files\Java\jdk-21\bin\jimage.dll
0x00007ffbf9190000 - 0x00007ffbf9391000 	C:\Windows\SYSTEM32\DBGHELP.DLL
0x00007ffbf8f70000 - 0x00007ffbf8fa4000 	C:\Windows\SYSTEM32\dbgcore.DLL
0x00007ffc0e260000 - 0x00007ffc0e2e2000 	C:\Windows\System32\bcryptPrimitives.dll
0x00007ffbd12b0000 - 0x00007ffbd134f000 	C:\Program Files\SentinelOne\Sentinel Agent 25.1.3.334\SentinelJava64.dll
0x00007ffc0ffb0000 - 0x00007ffc100db000 	C:\Windows\System32\ole32.dll
0x00007ffc0f8f0000 - 0x00007ffc0fc43000 	C:\Windows\System32\combase.dll
0x00007ffbe6fa0000 - 0x00007ffbe6fbf000 	C:\Program Files\Java\jdk-21\bin\java.dll
0x00007ffc10240000 - 0x00007ffc109b0000 	C:\Windows\System32\SHELL32.dll
0x00007ffc0bc70000 - 0x00007ffc0c415000 	C:\Windows\SYSTEM32\windows.storage.dll
0x00007ffc0d7e0000 - 0x00007ffc0d80b000 	C:\Windows\SYSTEM32\Wldp.dll
0x00007ffc0ed70000 - 0x00007ffc0ee3d000 	C:\Windows\System32\OLEAUT32.dll
0x00007ffc0fde0000 - 0x00007ffc0fe8d000 	C:\Windows\System32\SHCORE.dll
0x0000029165730000 - 0x000002916578b000 	C:\Windows\System32\shlwapi.dll
0x00007ffc0e0e0000 - 0x00007ffc0e104000 	C:\Windows\SYSTEM32\profapi.dll

dbghelp: loaded successfully - version: 4.0.5 - missing functions: none
symbol engine: initialized successfully - sym options: 0x614 - pdb path: .;C:\Program Files\Java\jdk-21\bin;C:\Windows\SYSTEM32;C:\Program Files\SentinelOne\Sentinel Agent 25.1.3.334;C:\Windows\WinSxS\amd64_microsoft.windows.common-controls_6595b64144ccf1df_6.0.19041.6280_none_60bc30a171f2f3f3;C:\Program Files\Java\jdk-21\bin\server

VM Arguments:
jvm_args: -Dcom.sun.management.jmxremote -Dcom.sun.management.jmxremote.port=49234 -Dcom.sun.management.jmxremote.authenticate=false -Dcom.sun.management.jmxremote.ssl=false -Djava.rmi.server.hostname=localhost -Dspring.jmx.enabled=true -Dmanagement.endpoints.jmx.exposure.include=* -Dspring.application.admin.enabled=true -Dspring.output.ansi.enabled=always -XX:TieredStopAtLevel=1 -Dspring.boot.project.name=EurekaServer -Dfile.encoding=UTF-8 -Dstdout.encoding=UTF-8 -Dstderr.encoding=UTF-8 -XX:+ShowCodeDetailsInExceptionMessages -agentpath:C:\Program Files\SentinelOne\Sentinel Agent 25.1.3.334\SentinelJava64.dll=extendedCapabilities 
java_command: com.app.EurekaServerApplication
java_class_path (initial): C:\Users\lalith.kishore\Desktop\Spring-Training\EurekaServer\target\classes;C:\Users\lalith.kishore\.m2\repository\org\springframework\boot\spring-boot-starter-actuator\3.5.14\spring-boot-starter-actuator-3.5.14.jar;C:\Users\lalith.kishore\.m2\repository\org\springframework\boot\spring-boot-starter\3.5.14\spring-boot-starter-3.5.14.jar;C:\Users\lalith.kishore\.m2\repository\org\springframework\boot\spring-boot\3.5.14\spring-boot-3.5.14.jar;C:\Users\lalith.kishore\.m2\repository\org\springframework\spring-context\6.2.18\spring-context-6.2.18.jar;C:\Users\lalith.kishore\.m2\repository\org\springframework\spring-aop\6.2.18\spring-aop-6.2.18.jar;C:\Users\lalith.kishore\.m2\repository\org\springframework\spring-beans\6.2.18\spring-beans-6.2.18.jar;C:\Users\lalith.kishore\.m2\repository\org\springframework\spring-expression\6.2.18\spring-expression-6.2.18.jar;C:\Users\lalith.kishore\.m2\repository\org\springframework\boot\spring-boot-autoconfigure\3.5.14\spring-boot-autoconfigure-3.5.14.jar;C:\Users\lalith.kishore\.m2\repository\org\springframework\boot\spring-boot-starter-logging\3.5.14\spring-boot-starter-logging-3.5.14.jar;C:\Users\lalith.kishore\.m2\repository\ch\qos\logback\logback-classic\1.5.32\logback-classic-1.5.32.jar;C:\Users\lalith.kishore\.m2\repository\ch\qos\logback\logback-core\1.5.32\logback-core-1.5.32.jar;C:\Users\lalith.kishore\.m2\repository\org\apache\logging\log4j\log4j-to-slf4j\2.24.3\log4j-to-slf4j-2.24.3.jar;C:\Users\lalith.kishore\.m2\repository\org\apache\logging\log4j\log4j-api\2.24.3\log4j-api-2.24.3.jar;C:\Users\lalith.kishore\.m2\repository\org\slf4j\jul-to-slf4j\2.0.17\jul-to-slf4j-2.0.17.jar;C:\Users\lalith.kishore\.m2\repository\jakarta\annotation\jakarta.annotation-api\2.1.1\jakarta.annotation-api-2.1.1.jar;C:\Users\lalith.kishore\.m2\repository\org\yaml\snakeyaml\2.4\snakeyaml-2.4.jar;C:\Users\lalith.kishore\.m2\repository\org\springframework\boot\spring-boot-actuator-autoconfigure\3.5.14\spring-boot-actuator-autoconfigure-3.5.14.jar;C:\Users\lalith.kishore\.m2\repository\org\springframework\boot\spring-boot-actuator\3.5.14\spring-boot-actuator-3.5.14.jar;C:\Users\lalith.kishore\.m2\repository\com\fasterxml\jackson\core\jackson-databind\2.21.2\jackson-databind-2.21.2.jar;C:\Users\lalith.kishore\.m2\repository\com\fasterxml\jackson\core\jackson-annotations\2.21\jackson-annotations-2.21.jar;C:\Users\lalith.kishore\.m2\repository\com\fasterxml\jackson\core\jackson-core\2.21.2\jackson-core-2.21.2.jar;C:\Users\lalith.kishore\.m2\repository\com\fasterxml\jackson\datatype\jackson-datatype-jsr310\2.21.2\jackson-datatype-jsr310-2.21.2.jar;C:\Users\lalith.kishore\.m2\repository\io\micrometer\micrometer-observation\1.15.11\micrometer-observation-1.15.11.jar;C:\Users\lalith.kishore\.m2\repository\io\micrometer\micrometer-commons\1.15.11\micrometer-commons-1.15.11.jar;C:\Users\lalith.kishore\.m2\repository\io\micrometer\micrometer-jakarta9\1.15.11\micrometer-jakarta9-1.15.11.jar;C:\Users\lalith.kishore\.m2\repository\io\micrometer\micrometer-core\1.15.11\micrometer-core-1.15.11.jar;C:\Users\lalith.kishore\.m2\repository\org\hdrhistogram\HdrHistogram\2.2.2\HdrHistogram-2.2.2.jar;C:\Users\lalith.kishore\.m2\repository\org\latencyutils\LatencyUtils\2.0.3\LatencyUtils-2.0.3.jar;C:\Users\lalith.kishore\.m2\repository\org\springframework\cloud\spring-cloud-starter-netflix-eureka-server\4.3.2\spring-cloud-starter-netflix-eureka-server-4.3.2.jar;C:\Users\lalith.kishore\.m2\repository\org\springframework\cloud\spring-cloud-starter\4.3.2\spring-cloud-starter-4.3.2.jar;C:\Users\lalith.kishore\.m2\repository\org\springframework\cloud\spring-cloud-context\4.3.2\spring-cloud-context-4.3.2.jar;C:\Users\lalith.kishore\.m2\repository\org\springframework\security\spring-security-crypto\6.5.10\spring-security-crypto-6.5.10.jar;C:\Users\lalith.kishore\.m2\repository\org\springframework\cloud\spring-cloud-commons\4.3.2\spring-cloud-commons-4.3.2.jar;C:\Users\lalith.kishore\.m2\repository\org\bouncycastle\bcprov-jdk18on\1.80\bcprov-jdk18on-1.80.jar;C:\Users\lalith.kishore\.m2\repository\org\springframework\cloud\spring-cloud-netflix-eureka-server\4.3.2\spring-cloud-netflix-eureka-server-4.3.2.jar;C:\Users\lalith.kishore\.m2\repository\org\springframework\boot\spring-boot-starter-web\3.5.14\spring-boot-starter-web-3.5.14.jar;C:\Users\lalith.kishore\.m2\repository\org\springframework\boot\spring-boot-starter-json\3.5.14\spring-boot-starter-json-3.5.14.jar;C:\Users\lalith.kishore\.m2\repository\com\fasterxml\jackson\datatype\jackson-datatype-jdk8\2.21.2\jackson-datatype-jdk8-2.21.2.jar;C:\Users\lalith.kishore\.m2\repository\com\fasterxml\jackson\module\jackson-module-parameter-names\2.21.2\jackson-module-parameter-names-2.21.2.jar;C:\Users\lalith.kishore\.m2\repository\org\springframework\boot\spring-boot-starter-tomcat\3.5.14\spring-boot-starter-tomcat-3.5.14.jar;C:\Users\lalith.kishore\.m2\repository\org\apache\tomcat\embed\tomcat-embed-core\10.1.54\tomcat-embed-core-10.1.54.jar;C:\Users\lalith.kishore\.m2\repository\org\apache\tomcat\embed\tomcat-embed-el\10.1.54\tomcat-embed-el-10.1.54.jar;C:\Users\lalith.kishore\.m2\repository\org\apache\tomcat\embed\tomcat-embed-websocket\10.1.54\tomcat-embed-websocket-10.1.54.jar;C:\Users\lalith.kishore\.m2\repository\org\springframework\spring-web\6.2.18\spring-web-6.2.18.jar;C:\Users\lalith.kishore\.m2\repository\org\springframework\spring-webmvc\6.2.18\spring-webmvc-6.2.18.jar;C:\Users\lalith.kishore\.m2\repository\org\springframework\boot\spring-boot-starter-freemarker\3.5.14\spring-boot-starter-freemarker-3.5.14.jar;C:\Users\lalith.kishore\.m2\repository\org\freemarker\freemarker\2.3.34\freemarker-2.3.34.jar;C:\Users\lalith.kishore\.m2\repository\org\springframework\spring-context-support\6.2.18\spring-context-support-6.2.18.jar;C:\Users\lalith.kishore\.m2\repository\org\springframework\cloud\spring-cloud-netflix-eureka-client\4.3.2\spring-cloud-netflix-eureka-client-4.3.2.jar;C:\Users\lalith.kishore\.m2\repository\com\netflix\eureka\eureka-client\2.0.6\eureka-client-2.0.6.jar;C:\Users\lalith.kishore\.m2\repository\com\thoughtworks\xstream\xstream\1.4.21\xstream-1.4.21.jar;C:\Users\lalith.kishore\.m2\repository\io\github\x-stream\mxparser\1.2.2\mxparser-1.2.2.jar;C:\Users\lalith.kishore\.m2\repository\xmlpull\xmlpull\1.1.3.1\xmlpull-1.1.3.1.jar;C:\Users\lalith.kishore\.m2\repository\com\netflix\spectator\spectator-api\1.7.3\spectator-api-1.7.3.jar;C:\Users\lalith.kishore\.m2\repository\org\apache\httpcomponents\httpclient\4.5.3\httpclient-4.5.3.jar;C:\Users\lalith.kishore\.m2\repository\org\apache\httpcomponents\httpcore\4.4.16\httpcore-4.4.16.jar;C:\Users\lalith.kishore\.m2\repository\com\netflix\netflix-commons\netflix-eventbus\0.3.0\netflix-eventbus-0.3.0.jar;C:\Users\lalith.kishore\.m2\repository\com\netflix\netflix-commons\netflix-infix\0.3.0\netflix-infix-0.3.0.jar;C:\Users\lalith.kishore\.m2\repository\commons-jxpath\commons-jxpath\1.3\commons-jxpath-1.3.jar;C:\Users\lalith.kishore\.m2\repository\joda-time\joda-time\2.3\joda-time-2.3.jar;C:\Users\lalith.kishore\.m2\repository\org\antlr\antlr-runtime\3.4\antlr-runtime-3.4.jar;C:\Users\lalith.kishore\.m2\repository\org\antlr\stringtemplate\3.2.1\stringtemplate-3.2.1.jar;C:\Users\lalith.kishore\.m2\repository\antlr\antlr\2.7.7\antlr-2.7.7.jar;C:\Users\lalith.kishore\.m2\repository\com\google\code\gson\gson\2.13.2\gson-2.13.2.jar;C:\Users\lalith.kishore\.m2\repository\com\netflix\servo\servo-core\0.5.3\servo-core-0.5.3.jar;C:\Users\lalith.kishore\.m2\repository\org\apache\commons\commons-math\2.2\commons-math-2.2.jar;C:\Users\lalith.kishore\.m2\repository\javax\annotation\javax.annotation-api\1.2\javax.annotation-api-1.2.jar;C:\Users\lalith.kishore\.m2\repository\org\codehaus\jettison\jettison\1.5.4\jettison-1.5.4.jar;C:\Users\lalith.kishore\.m2\repository\org\apache\httpcomponents\client5\httpclient5\5.5.2\httpclient5-5.5.2.jar;C:\Users\lalith.kishore\.m2\repository\org\apache\httpcomponents\core5\httpcore5\5.3.6\httpcore5-5.3.6.jar;C:\Users\lalith.kishore\.m2\repository\org\apache\httpcomponents\core5\httpcore5-h2\5.3.6\httpcore5-h2-5.3.6.jar;C:\Users\lalith.kishore\.m2\repository\com\netflix\eureka\eureka-client-jersey3\2.0.6\eureka-client-jersey3-2.0.6.jar;C:\Users\lalith.kishore\.m2\repository\org\glassfish\jersey\connectors\jersey-apache-connector\3.1.11\jersey-apache-connector-3.1.11.jar;C:\Users\lalith.kishore\.m2\repository\commons-codec\commons-codec\1.18.0\commons-codec-1.18.0.jar;C:\Users\lalith.kishore\.m2\repository\com\netflix\eureka\eureka-core-jersey3\2.0.6\eureka-core-jersey3-2.0.6.jar;C:\Users\lalith.kishore\.m2\repository\com\netflix\eureka\eureka-core\2.0.6\eureka-core-2.0.6.jar;C:\Users\lalith.kishore\.m2\repository\com\google\guava\guava\33.0.0-jre\guava-33.0.0-jre.jar;C:\Users\lalith.kishore\.m2\repository\com\google\guava\failureaccess\1.0.2\failureaccess-1.0.2.jar;C:\Users\lalith.kishore\.m2\repository\com\google\guava\listenablefuture\9999.0-empty-to-avoid-conflict-with-guava\listenablefuture-9999.0-empty-to-avoid-conflict-with-guava.jar;C:\Users\lalith.kishore\.m2\repository\org\checkerframework\checker-qual\3.41.0\checker-qual-3.41.0.jar;C:\Users\lalith.kishore\.m2\repository\com\google\errorprone\error_prone_annotations\2.23.0\error_prone_annotations-2.23.0.jar;C:\Users\lalith.kishore\.m2\repository\com\google\j2objc\j2objc-annotations\2.8\j2objc-annotations-2.8.jar;C:\Users\lalith.kishore\.m2\repository\org\glassfish\jersey\containers\jersey-container-servlet\3.1.11\jersey-container-servlet-3.1.11.jar;C:\Users\lalith.kishore\.m2\repository\org\glassfish\jersey\containers\jersey-container-servlet-core\3.1.11\jersey-container-servlet-core-3.1.11.jar;C:\Users\lalith.kishore\.m2\repository\org\glassfish\jersey\core\jersey-common\3.1.11\jersey-common-3.1.11.jar;C:\Users\lalith.kishore\.m2\repository\org\glassfish\hk2\osgi-resource-locator\1.0.3\osgi-resource-locator-1.0.3.jar;C:\Users\lalith.kishore\.m2\repository\jakarta\ws\rs\jakarta.ws.rs-api\3.1.0\jakarta.ws.rs-api-3.1.0.jar;C:\Users\lalith.kishore\.m2\repository\org\glassfish\jersey\core\jersey-server\3.1.11\jersey-server-3.1.11.jar;C:\Users\lalith.kishore\.m2\repository\jakarta\inject\jakarta.inject-api\2.0.1\jakarta.inject-api-2.0.1.jar;C:\Users\lalith.kishore\.m2\repository\jakarta\validation\jakarta.validation-api\3.0.2\jakarta.validation-api-3.0.2.jar;C:\Users\lalith.kishore\.m2\repository\org\glassfish\jersey\core\jersey-client\3.1.11\jersey-client-3.1.11.jar;C:\Users\lalith.kishore\.m2\repository\org\glassfish\jersey\inject\jersey-hk2\3.1.11\jersey-hk2-3.1.11.jar;C:\Users\lalith.kishore\.m2\repository\org\glassfish\hk2\hk2-locator\3.0.6\hk2-locator-3.0.6.jar;C:\Users\lalith.kishore\.m2\repository\org\glassfish\hk2\hk2-utils\3.0.6\hk2-utils-3.0.6.jar;C:\Users\lalith.kishore\.m2\repository\org\javassist\javassist\3.30.2-GA\javassist-3.30.2-GA.jar;C:\Users\lalith.kishore\.m2\repository\org\glassfish\hk2\spring-bridge\3.1.1\spring-bridge-3.1.1.jar;C:\Users\lalith.kishore\.m2\repository\org\glassfish\hk2\hk2-api\3.1.1\hk2-api-3.1.1.jar;C:\Users\lalith.kishore\.m2\repository\com\fasterxml\jackson\dataformat\jackson-dataformat-xml\2.21.2\jackson-dataformat-xml-2.21.2.jar;C:\Users\lalith.kishore\.m2\repository\org\codehaus\woodstox\stax2-api\4.2.2\stax2-api-4.2.2.jar;C:\Users\lalith.kishore\.m2\repository\com\fasterxml\woodstox\woodstox-core\7.1.1\woodstox-core-7.1.1.jar;C:\Users\lalith.kishore\.m2\repository\org\springframework\cloud\spring-cloud-starter-loadbalancer\4.3.2\spring-cloud-starter-loadbalancer-4.3.2.jar;C:\Users\lalith.kishore\.m2\repository\org\springframework\cloud\spring-cloud-loadbalancer\4.3.2\spring-cloud-loadbalancer-4.3.2.jar;C:\Users\lalith.kishore\.m2\repository\io\projectreactor\reactor-core\3.7.18\reactor-core-3.7.18.jar;C:\Users\lalith.kishore\.m2\repository\org\reactivestreams\reactive-streams\1.0.4\reactive-streams-1.0.4.jar;C:\Users\lalith.kishore\.m2\repository\io\projectreactor\addons\reactor-extra\3.5.4\reactor-extra-3.5.4.jar;C:\Users\lalith.kishore\.m2\repository\org\springframework\boot\spring-boot-starter-cache\3.5.14\spring-boot-starter-cache-3.5.14.jar;C:\Users\lalith.kishore\.m2\repository\com\stoyanr\evictor\1.0.0\evictor-1.0.0.jar;C:\Users\lalith.kishore\.m2\repository\org\glassfish\jaxb\jaxb-runtime\4.0.6\jaxb-runtime-4.0.6.jar;C:\Users\lalith.kishore\.m2\repository\org\glassfish\jaxb\jaxb-core\4.0.6\jaxb-core-4.0.6.jar;C:\Users\lalith.kishore\.m2\repository\org\eclipse\angus\angus-activation\2.0.3\angus-activation-2.0.3.jar;C:\Users\lalith.kishore\.m2\repository\org\glassfish\jaxb\txw2\4.0.6\txw2-4.0.6.jar;C:\Users\lalith.kishore\.m2\repository\com\sun\istack\istack-commons-runtime\4.1.2\istack-commons-runtime-4.1.2.jar;C:\Users\lalith.kishore\.m2\repository\org\slf4j\slf4j-api\2.0.17\slf4j-api-2.0.17.jar;C:\Users\lalith.kishore\.m2\repository\jakarta\xml\bind\jakarta.xml.bind-api\4.0.4\jakarta.xml.bind-api-4.0.4.jar;C:\Users\lalith.kishore\.m2\repository\jakarta\activation\jakarta.activation-api\2.1.4\jakarta.activation-api-2.1.4.jar;C:\Users\lalith.kishore\.m2\repository\org\springframework\spring-core\6.2.18\spring-core-6.2.18.jar;C:\Users\lalith.kishore\.m2\repository\org\springframework\spring-jcl\6.2.18\spring-jcl-6.2.18.jar
Launcher Type: SUN_STANDARD

[Global flags]
     intx CICompilerCount                          = 3                                         {product} {ergonomic}
     uint ConcGCThreads                            = 1                                         {product} {ergonomic}
     uint G1ConcRefinementThreads                  = 4                                         {product} {ergonomic}
   size_t G1HeapRegionSize                         = 1048576                                   {product} {ergonomic}
    uintx GCDrainStackTargetSize                   = 64                                        {product} {ergonomic}
   size_t InitialHeapSize                          = 134217728                                 {product} {ergonomic}
     bool ManagementServer                         = true                                      {product} {command line}
   size_t MarkStackSize                            = 4194304                                   {product} {ergonomic}
   size_t MaxHeapSize                              = 2122317824                                {product} {ergonomic}
   size_t MaxNewSize                               = 1272971264                                {product} {ergonomic}
   size_t MinHeapDeltaBytes                        = 1048576                                   {product} {ergonomic}
   size_t MinHeapSize                              = 8388608                                   {product} {ergonomic}
    uintx NonNMethodCodeHeapSize                   = 4096                                   {pd product} {ergonomic}
    uintx NonProfiledCodeHeapSize                  = 0                                      {pd product} {ergonomic}
     bool ProfileInterpreter                       = false                                  {pd product} {command line}
    uintx ProfiledCodeHeapSize                     = 0                                      {pd product} {ergonomic}
     bool ShowCodeDetailsInExceptionMessages       = true                                   {manageable} {command line}
   size_t SoftMaxHeapSize                          = 2122317824                             {manageable} {ergonomic}
     intx TieredStopAtLevel                        = 1                                         {product} {command line}
     bool UseCompressedOops                        = true                           {product lp64_product} {ergonomic}
     bool UseG1GC                                  = true                                      {product} {ergonomic}
     bool UseLargePagesIndividualAllocation        = false                                  {pd product} {ergonomic}

Logging:
Log output configuration:
 #0: stdout all=warning uptime,level,tags foldmultilines=false
 #1: stderr all=off uptime,level,tags foldmultilines=false

Environment Variables:
JAVA_HOME=C:\Program Files\Java\jdk-21
PATH=C:/Users/lalith.kishore/Downloads/sts-5.1.1.RELEASE//plugins/org.eclipse.justj.openjdk.hotspot.jre.full.win32.x86_64_25.0.2.v20260203-1141/jre/bin/server;C:/Users/lalith.kishore/Downloads/sts-5.1.1.RELEASE//plugins/org.eclipse.justj.openjdk.hotspot.jre.full.win32.x86_64_25.0.2.v20260203-1141/jre/bin;C:\Program Files\Common Files\Oracle\Java\javapath;C:\Program Files (x86)\Common Files\Oracle\Java\javapath;C:\Windows\system32;C:\Windows;C:\Windows\System32\Wbem;C:\Windows\System32\WindowsPowerShell\v1.0\;C:\Windows\System32\OpenSSH\;C:\Program Files\TortoiseSVN\bin;C:\Program Files\Microsoft SQL Server\150\Tools\Binn\;C:\Program Files\nodejs\;C:\Program Files\Microsoft VS Code\bin;C:\apache-jmeter-5.6.3\apache-jmeter-5.6.3\bin;C:\Program Files\Java\jdk-21\bin;C:\Program Files\Microsoft SQL Server\Client SDK\ODBC\170\Tools\Binn\;C:\Program Files\dotnet\;C:\Users\lalith.kishore\AppData\Local\Programs\Python\Python314\Scripts\;C:\Users\lalith.kishore\AppData\Local\Programs\Python\Python314\;C:\Users\lalith.kishore\AppData\Local\Programs\Python\Launcher\;C:\Users\lalith.kishore\AppData\Local\Microsoft\WindowsApps;C:\Users\lalith.kishore\AppData\Local\Programs\Git\cmd;C:\Windows\system32;
USERNAME=lalith.kishore
OS=Windows_NT
PROCESSOR_IDENTIFIER=Intel64 Family 6 Model 42 Stepping 7, GenuineIntel
TMP=C:\Users\LALITH~1.KIS\AppData\Local\Temp
TEMP=C:\Users\LALITH~1.KIS\AppData\Local\Temp




Periodic native trim disabled

---------------  S Y S T E M  ---------------

OS:
 Windows 10 , 64 bit Build 19041 (10.0.19041.5915)
OS uptime: 2 days 21:52 hours

CPU: total 4 (initial active 4) (2 cores per cpu, 2 threads per core) family 6 model 42 stepping 7 microcode 0x2f, cx8, cmov, fxsr, ht, mmx, sse, sse2, sse3, ssse3, sse4.1, sse4.2, popcnt, tsc, tscinvbit, avx, clmul, vzeroupper, clflush, rdtscp
Processor Information for all 4 processors :
  Max Mhz: 3300, Current Mhz: 3300, Mhz Limit: 3300

Memory: 4k page, system-wide physical 8089M (971M free)
TotalPageFile size 12185M (AvailPageFile size 2M)
current process WorkingSet (physical memory assigned to process): 40M, peak: 40M
current process commit charge ("private bytes"): 198M, peak: 198M

vm_info: Java HotSpot(TM) 64-Bit Server VM (21.0.5+9-LTS-239) for windows-amd64 JRE (21.0.5+9-LTS-239), built on 2024-09-30T05:17:38Z by "mach5one" with MS VC++ 17.6 (VS2022)

END.
